ARM GAS  C:\Users\XUCHEN~1\AppData\Local\Temp\cc3KxLra.s 			page 1


   1              		.cpu cortex-m3
   2              		.arch armv7-m
   3              		.fpu softvfp
   4              		.eabi_attribute 20, 1
   5              		.eabi_attribute 21, 1
   6              		.eabi_attribute 23, 3
   7              		.eabi_attribute 24, 1
   8              		.eabi_attribute 25, 1
   9              		.eabi_attribute 26, 1
  10              		.eabi_attribute 30, 1
  11              		.eabi_attribute 34, 1
  12              		.eabi_attribute 18, 4
  13              		.file	"gpio.c"
  14              		.text
  15              	.Ltext0:
  16              		.cfi_sections	.debug_frame
  17              		.file 1 "Core/Src/gpio.c"
  18              		.section	.text.MX_GPIO_Init,"ax",%progbits
  19              		.align	1
  20              		.global	MX_GPIO_Init
  21              		.syntax unified
  22              		.thumb
  23              		.thumb_func
  25              	MX_GPIO_Init:
  26              	.LFB65:
   1:Core/Src/gpio.c **** /* USER CODE BEGIN Header */
   2:Core/Src/gpio.c **** /**
   3:Core/Src/gpio.c ****   ******************************************************************************
   4:Core/Src/gpio.c ****   * @file    gpio.c
   5:Core/Src/gpio.c ****   * @brief   This file provides code for the configuration
   6:Core/Src/gpio.c ****   *          of all used GPIO pins.
   7:Core/Src/gpio.c ****   ******************************************************************************
   8:Core/Src/gpio.c ****   * @attention
   9:Core/Src/gpio.c ****   *
  10:Core/Src/gpio.c ****   * Copyright (c) 2026 STMicroelectronics.
  11:Core/Src/gpio.c ****   * All rights reserved.
  12:Core/Src/gpio.c ****   *
  13:Core/Src/gpio.c ****   * This software is licensed under terms that can be found in the LICENSE file
  14:Core/Src/gpio.c ****   * in the root directory of this software component.
  15:Core/Src/gpio.c ****   * If no LICENSE file comes with this software, it is provided AS-IS.
  16:Core/Src/gpio.c ****   *
  17:Core/Src/gpio.c ****   ******************************************************************************
  18:Core/Src/gpio.c ****   */
  19:Core/Src/gpio.c **** /* USER CODE END Header */
  20:Core/Src/gpio.c **** 
  21:Core/Src/gpio.c **** /* Includes ------------------------------------------------------------------*/
  22:Core/Src/gpio.c **** #include "gpio.h"
  23:Core/Src/gpio.c **** 
  24:Core/Src/gpio.c **** /* USER CODE BEGIN 0 */
  25:Core/Src/gpio.c **** 
  26:Core/Src/gpio.c **** /* USER CODE END 0 */
  27:Core/Src/gpio.c **** 
  28:Core/Src/gpio.c **** /*----------------------------------------------------------------------------*/
  29:Core/Src/gpio.c **** /* Configure GPIO                                                             */
  30:Core/Src/gpio.c **** /*----------------------------------------------------------------------------*/
  31:Core/Src/gpio.c **** /* USER CODE BEGIN 1 */
  32:Core/Src/gpio.c **** 
ARM GAS  C:\Users\XUCHEN~1\AppData\Local\Temp\cc3KxLra.s 			page 2


  33:Core/Src/gpio.c **** /* USER CODE END 1 */
  34:Core/Src/gpio.c **** 
  35:Core/Src/gpio.c **** /** Configure pins as
  36:Core/Src/gpio.c ****         * Analog
  37:Core/Src/gpio.c ****         * Input
  38:Core/Src/gpio.c ****         * Output
  39:Core/Src/gpio.c ****         * EVENT_OUT
  40:Core/Src/gpio.c ****         * EXTI
  41:Core/Src/gpio.c **** */
  42:Core/Src/gpio.c **** void MX_GPIO_Init(void)
  43:Core/Src/gpio.c **** {
  27              		.loc 1 43 1 view -0
  28              		.cfi_startproc
  29              		@ args = 0, pretend = 0, frame = 32
  30              		@ frame_needed = 0, uses_anonymous_args = 0
  31 0000 2DE9F047 		push	{r4, r5, r6, r7, r8, r9, r10, lr}
  32              	.LCFI0:
  33              		.cfi_def_cfa_offset 32
  34              		.cfi_offset 4, -32
  35              		.cfi_offset 5, -28
  36              		.cfi_offset 6, -24
  37              		.cfi_offset 7, -20
  38              		.cfi_offset 8, -16
  39              		.cfi_offset 9, -12
  40              		.cfi_offset 10, -8
  41              		.cfi_offset 14, -4
  42 0004 88B0     		sub	sp, sp, #32
  43              	.LCFI1:
  44              		.cfi_def_cfa_offset 64
  44:Core/Src/gpio.c **** 
  45:Core/Src/gpio.c ****   GPIO_InitTypeDef GPIO_InitStruct = {0};
  45              		.loc 1 45 3 view .LVU1
  46              		.loc 1 45 20 is_stmt 0 view .LVU2
  47 0006 04AD     		add	r5, sp, #16
  48 0008 0024     		movs	r4, #0
  49 000a 0494     		str	r4, [sp, #16]
  50 000c 0594     		str	r4, [sp, #20]
  51 000e 0694     		str	r4, [sp, #24]
  52 0010 0794     		str	r4, [sp, #28]
  46:Core/Src/gpio.c **** 
  47:Core/Src/gpio.c ****   /* GPIO Ports Clock Enable */
  48:Core/Src/gpio.c ****   __HAL_RCC_GPIOD_CLK_ENABLE();
  53              		.loc 1 48 3 is_stmt 1 view .LVU3
  54              	.LBB2:
  55              		.loc 1 48 3 view .LVU4
  56              		.loc 1 48 3 view .LVU5
  57 0012 474B     		ldr	r3, .L3
  58 0014 9A69     		ldr	r2, [r3, #24]
  59 0016 42F02002 		orr	r2, r2, #32
  60 001a 9A61     		str	r2, [r3, #24]
  61              		.loc 1 48 3 view .LVU6
  62 001c 9A69     		ldr	r2, [r3, #24]
  63 001e 02F02002 		and	r2, r2, #32
  64 0022 0092     		str	r2, [sp]
  65              		.loc 1 48 3 view .LVU7
  66 0024 009A     		ldr	r2, [sp]
  67              	.LBE2:
ARM GAS  C:\Users\XUCHEN~1\AppData\Local\Temp\cc3KxLra.s 			page 3


  68              		.loc 1 48 3 view .LVU8
  49:Core/Src/gpio.c ****   __HAL_RCC_GPIOC_CLK_ENABLE();
  69              		.loc 1 49 3 view .LVU9
  70              	.LBB3:
  71              		.loc 1 49 3 view .LVU10
  72              		.loc 1 49 3 view .LVU11
  73 0026 9A69     		ldr	r2, [r3, #24]
  74 0028 42F01002 		orr	r2, r2, #16
  75 002c 9A61     		str	r2, [r3, #24]
  76              		.loc 1 49 3 view .LVU12
  77 002e 9A69     		ldr	r2, [r3, #24]
  78 0030 02F01002 		and	r2, r2, #16
  79 0034 0192     		str	r2, [sp, #4]
  80              		.loc 1 49 3 view .LVU13
  81 0036 019A     		ldr	r2, [sp, #4]
  82              	.LBE3:
  83              		.loc 1 49 3 view .LVU14
  50:Core/Src/gpio.c ****   __HAL_RCC_GPIOA_CLK_ENABLE();
  84              		.loc 1 50 3 view .LVU15
  85              	.LBB4:
  86              		.loc 1 50 3 view .LVU16
  87              		.loc 1 50 3 view .LVU17
  88 0038 9A69     		ldr	r2, [r3, #24]
  89 003a 42F00402 		orr	r2, r2, #4
  90 003e 9A61     		str	r2, [r3, #24]
  91              		.loc 1 50 3 view .LVU18
  92 0040 9A69     		ldr	r2, [r3, #24]
  93 0042 02F00402 		and	r2, r2, #4
  94 0046 0292     		str	r2, [sp, #8]
  95              		.loc 1 50 3 view .LVU19
  96 0048 029A     		ldr	r2, [sp, #8]
  97              	.LBE4:
  98              		.loc 1 50 3 view .LVU20
  51:Core/Src/gpio.c ****   __HAL_RCC_GPIOB_CLK_ENABLE();
  99              		.loc 1 51 3 view .LVU21
 100              	.LBB5:
 101              		.loc 1 51 3 view .LVU22
 102              		.loc 1 51 3 view .LVU23
 103 004a 9A69     		ldr	r2, [r3, #24]
 104 004c 42F00802 		orr	r2, r2, #8
 105 0050 9A61     		str	r2, [r3, #24]
 106              		.loc 1 51 3 view .LVU24
 107 0052 9B69     		ldr	r3, [r3, #24]
 108 0054 03F00803 		and	r3, r3, #8
 109 0058 0393     		str	r3, [sp, #12]
 110              		.loc 1 51 3 view .LVU25
 111 005a 039B     		ldr	r3, [sp, #12]
 112              	.LBE5:
 113              		.loc 1 51 3 view .LVU26
  52:Core/Src/gpio.c **** 
  53:Core/Src/gpio.c ****   /*Configure GPIO pin Output Level */
  54:Core/Src/gpio.c ****   HAL_GPIO_WritePin(GPIOA, AIN1_Pin|AIN2_Pin|BIN1_Pin|BIN2_Pin, GPIO_PIN_RESET);
 114              		.loc 1 54 3 view .LVU27
 115 005c 354F     		ldr	r7, .L3+4
 116 005e 2246     		mov	r2, r4
 117 0060 3321     		movs	r1, #51
 118 0062 3846     		mov	r0, r7
ARM GAS  C:\Users\XUCHEN~1\AppData\Local\Temp\cc3KxLra.s 			page 4


 119 0064 FFF7FEFF 		bl	HAL_GPIO_WritePin
 120              	.LVL0:
  55:Core/Src/gpio.c **** 
  56:Core/Src/gpio.c ****   /*Configure GPIO pin Output Level */
  57:Core/Src/gpio.c ****   HAL_GPIO_WritePin(GPIOC, HUI8_Pin|HUI7_Pin|Chao_Echo_Pin, GPIO_PIN_RESET);
 121              		.loc 1 57 3 view .LVU28
 122 0068 DFF8CCA0 		ldr	r10, .L3+8
 123 006c 2246     		mov	r2, r4
 124 006e 41F23001 		movw	r1, #4144
 125 0072 5046     		mov	r0, r10
 126 0074 FFF7FEFF 		bl	HAL_GPIO_WritePin
 127              	.LVL1:
  58:Core/Src/gpio.c **** 
  59:Core/Src/gpio.c ****   /*Configure GPIO pin Output Level */
  60:Core/Src/gpio.c ****   HAL_GPIO_WritePin(GPIOB, HUI6_Pin|HUI5_Pin, GPIO_PIN_RESET);
 128              		.loc 1 60 3 view .LVU29
 129 0078 304E     		ldr	r6, .L3+12
 130 007a 2246     		mov	r2, r4
 131 007c 0321     		movs	r1, #3
 132 007e 3046     		mov	r0, r6
 133 0080 FFF7FEFF 		bl	HAL_GPIO_WritePin
 134              	.LVL2:
  61:Core/Src/gpio.c **** 
  62:Core/Src/gpio.c ****   /*Configure GPIO pins : KEY1_Pin KEY2_Pin Hong1_Pin Hong2_Pin */
  63:Core/Src/gpio.c ****   GPIO_InitStruct.Pin = KEY1_Pin|KEY2_Pin|Hong1_Pin|Hong2_Pin;
 135              		.loc 1 63 3 view .LVU30
 136              		.loc 1 63 23 is_stmt 0 view .LVU31
 137 0084 0F23     		movs	r3, #15
 138 0086 0493     		str	r3, [sp, #16]
  64:Core/Src/gpio.c ****   GPIO_InitStruct.Mode = GPIO_MODE_INPUT;
 139              		.loc 1 64 3 is_stmt 1 view .LVU32
 140              		.loc 1 64 24 is_stmt 0 view .LVU33
 141 0088 0594     		str	r4, [sp, #20]
  65:Core/Src/gpio.c ****   GPIO_InitStruct.Pull = GPIO_NOPULL;
 142              		.loc 1 65 3 is_stmt 1 view .LVU34
 143              		.loc 1 65 24 is_stmt 0 view .LVU35
 144 008a 0694     		str	r4, [sp, #24]
  66:Core/Src/gpio.c ****   HAL_GPIO_Init(GPIOC, &GPIO_InitStruct);
 145              		.loc 1 66 3 is_stmt 1 view .LVU36
 146 008c 2946     		mov	r1, r5
 147 008e 5046     		mov	r0, r10
 148 0090 FFF7FEFF 		bl	HAL_GPIO_Init
 149              	.LVL3:
  67:Core/Src/gpio.c **** 
  68:Core/Src/gpio.c ****   /*Configure GPIO pins : AIN1_Pin AIN2_Pin BIN1_Pin BIN2_Pin */
  69:Core/Src/gpio.c ****   GPIO_InitStruct.Pin = AIN1_Pin|AIN2_Pin|BIN1_Pin|BIN2_Pin;
 150              		.loc 1 69 3 view .LVU37
 151              		.loc 1 69 23 is_stmt 0 view .LVU38
 152 0094 3323     		movs	r3, #51
 153 0096 0493     		str	r3, [sp, #16]
  70:Core/Src/gpio.c ****   GPIO_InitStruct.Mode = GPIO_MODE_OUTPUT_PP;
 154              		.loc 1 70 3 is_stmt 1 view .LVU39
 155              		.loc 1 70 24 is_stmt 0 view .LVU40
 156 0098 4FF00109 		mov	r9, #1
 157 009c CDF81490 		str	r9, [sp, #20]
  71:Core/Src/gpio.c ****   GPIO_InitStruct.Pull = GPIO_NOPULL;
 158              		.loc 1 71 3 is_stmt 1 view .LVU41
ARM GAS  C:\Users\XUCHEN~1\AppData\Local\Temp\cc3KxLra.s 			page 5


 159              		.loc 1 71 24 is_stmt 0 view .LVU42
 160 00a0 0694     		str	r4, [sp, #24]
  72:Core/Src/gpio.c ****   GPIO_InitStruct.Speed = GPIO_SPEED_FREQ_LOW;
 161              		.loc 1 72 3 is_stmt 1 view .LVU43
 162              		.loc 1 72 25 is_stmt 0 view .LVU44
 163 00a2 4FF00208 		mov	r8, #2
 164 00a6 CDF81C80 		str	r8, [sp, #28]
  73:Core/Src/gpio.c ****   HAL_GPIO_Init(GPIOA, &GPIO_InitStruct);
 165              		.loc 1 73 3 is_stmt 1 view .LVU45
 166 00aa 2946     		mov	r1, r5
 167 00ac 3846     		mov	r0, r7
 168 00ae FFF7FEFF 		bl	HAL_GPIO_Init
 169              	.LVL4:
  74:Core/Src/gpio.c **** 
  75:Core/Src/gpio.c ****   /*Configure GPIO pins : HUI8_Pin HUI7_Pin Chao_Echo_Pin */
  76:Core/Src/gpio.c ****   GPIO_InitStruct.Pin = HUI8_Pin|HUI7_Pin|Chao_Echo_Pin;
 170              		.loc 1 76 3 view .LVU46
 171              		.loc 1 76 23 is_stmt 0 view .LVU47
 172 00b2 41F23003 		movw	r3, #4144
 173 00b6 0493     		str	r3, [sp, #16]
  77:Core/Src/gpio.c ****   GPIO_InitStruct.Mode = GPIO_MODE_OUTPUT_PP;
 174              		.loc 1 77 3 is_stmt 1 view .LVU48
 175              		.loc 1 77 24 is_stmt 0 view .LVU49
 176 00b8 CDF81490 		str	r9, [sp, #20]
  78:Core/Src/gpio.c ****   GPIO_InitStruct.Pull = GPIO_NOPULL;
 177              		.loc 1 78 3 is_stmt 1 view .LVU50
 178              		.loc 1 78 24 is_stmt 0 view .LVU51
 179 00bc 0694     		str	r4, [sp, #24]
  79:Core/Src/gpio.c ****   GPIO_InitStruct.Speed = GPIO_SPEED_FREQ_LOW;
 180              		.loc 1 79 3 is_stmt 1 view .LVU52
 181              		.loc 1 79 25 is_stmt 0 view .LVU53
 182 00be CDF81C80 		str	r8, [sp, #28]
  80:Core/Src/gpio.c ****   HAL_GPIO_Init(GPIOC, &GPIO_InitStruct);
 183              		.loc 1 80 3 is_stmt 1 view .LVU54
 184 00c2 2946     		mov	r1, r5
 185 00c4 5046     		mov	r0, r10
 186 00c6 FFF7FEFF 		bl	HAL_GPIO_Init
 187              	.LVL5:
  81:Core/Src/gpio.c **** 
  82:Core/Src/gpio.c ****   /*Configure GPIO pins : HUI6_Pin HUI5_Pin */
  83:Core/Src/gpio.c ****   GPIO_InitStruct.Pin = HUI6_Pin|HUI5_Pin;
 188              		.loc 1 83 3 view .LVU55
 189              		.loc 1 83 23 is_stmt 0 view .LVU56
 190 00ca 4FF0030A 		mov	r10, #3
 191 00ce CDF810A0 		str	r10, [sp, #16]
  84:Core/Src/gpio.c ****   GPIO_InitStruct.Mode = GPIO_MODE_OUTPUT_PP;
 192              		.loc 1 84 3 is_stmt 1 view .LVU57
 193              		.loc 1 84 24 is_stmt 0 view .LVU58
 194 00d2 CDF81490 		str	r9, [sp, #20]
  85:Core/Src/gpio.c ****   GPIO_InitStruct.Pull = GPIO_NOPULL;
 195              		.loc 1 85 3 is_stmt 1 view .LVU59
 196              		.loc 1 85 24 is_stmt 0 view .LVU60
 197 00d6 0694     		str	r4, [sp, #24]
  86:Core/Src/gpio.c ****   GPIO_InitStruct.Speed = GPIO_SPEED_FREQ_LOW;
 198              		.loc 1 86 3 is_stmt 1 view .LVU61
 199              		.loc 1 86 25 is_stmt 0 view .LVU62
 200 00d8 CDF81C80 		str	r8, [sp, #28]
ARM GAS  C:\Users\XUCHEN~1\AppData\Local\Temp\cc3KxLra.s 			page 6


  87:Core/Src/gpio.c ****   HAL_GPIO_Init(GPIOB, &GPIO_InitStruct);
 201              		.loc 1 87 3 is_stmt 1 view .LVU63
 202 00dc 2946     		mov	r1, r5
 203 00de 3046     		mov	r0, r6
 204 00e0 FFF7FEFF 		bl	HAL_GPIO_Init
 205              	.LVL6:
  88:Core/Src/gpio.c **** 
  89:Core/Src/gpio.c ****   /*Configure GPIO pins : HUI4_Pin HUI3_Pin HUI2_Pin KEY3_Pin
  90:Core/Src/gpio.c ****                            KEY4_Pin */
  91:Core/Src/gpio.c ****   GPIO_InitStruct.Pin = HUI4_Pin|HUI3_Pin|HUI2_Pin|KEY3_Pin
 206              		.loc 1 91 3 view .LVU64
 207              		.loc 1 91 23 is_stmt 0 view .LVU65
 208 00e4 47F23003 		movw	r3, #28720
 209 00e8 0493     		str	r3, [sp, #16]
  92:Core/Src/gpio.c ****                           |KEY4_Pin;
  93:Core/Src/gpio.c ****   GPIO_InitStruct.Mode = GPIO_MODE_INPUT;
 210              		.loc 1 93 3 is_stmt 1 view .LVU66
 211              		.loc 1 93 24 is_stmt 0 view .LVU67
 212 00ea 0594     		str	r4, [sp, #20]
  94:Core/Src/gpio.c ****   GPIO_InitStruct.Pull = GPIO_NOPULL;
 213              		.loc 1 94 3 is_stmt 1 view .LVU68
 214              		.loc 1 94 24 is_stmt 0 view .LVU69
 215 00ec 0694     		str	r4, [sp, #24]
  95:Core/Src/gpio.c ****   HAL_GPIO_Init(GPIOB, &GPIO_InitStruct);
 216              		.loc 1 95 3 is_stmt 1 view .LVU70
 217 00ee 2946     		mov	r1, r5
 218 00f0 3046     		mov	r0, r6
 219 00f2 FFF7FEFF 		bl	HAL_GPIO_Init
 220              	.LVL7:
  96:Core/Src/gpio.c **** 
  97:Core/Src/gpio.c ****   /*Configure GPIO pin : PB15 */
  98:Core/Src/gpio.c ****   GPIO_InitStruct.Pin = GPIO_PIN_15;
 221              		.loc 1 98 3 view .LVU71
 222              		.loc 1 98 23 is_stmt 0 view .LVU72
 223 00f6 4FF40043 		mov	r3, #32768
 224 00fa 0493     		str	r3, [sp, #16]
  99:Core/Src/gpio.c ****   GPIO_InitStruct.Mode = GPIO_MODE_ANALOG;
 225              		.loc 1 99 3 is_stmt 1 view .LVU73
 226              		.loc 1 99 24 is_stmt 0 view .LVU74
 227 00fc CDF814A0 		str	r10, [sp, #20]
 100:Core/Src/gpio.c ****   HAL_GPIO_Init(GPIOB, &GPIO_InitStruct);
 228              		.loc 1 100 3 is_stmt 1 view .LVU75
 229 0100 2946     		mov	r1, r5
 230 0102 3046     		mov	r0, r6
 231 0104 FFF7FEFF 		bl	HAL_GPIO_Init
 232              	.LVL8:
 101:Core/Src/gpio.c **** 
 102:Core/Src/gpio.c ****   /*Configure GPIO pins : LED_Pin YA_SCK_Pin YA_DT_Pin */
 103:Core/Src/gpio.c ****   GPIO_InitStruct.Pin = LED_Pin|YA_SCK_Pin|YA_DT_Pin;
 233              		.loc 1 103 3 view .LVU76
 234              		.loc 1 103 23 is_stmt 0 view .LVU77
 235 0108 4FF4C853 		mov	r3, #6400
 236 010c 0493     		str	r3, [sp, #16]
 104:Core/Src/gpio.c ****   GPIO_InitStruct.Mode = GPIO_MODE_INPUT;
 237              		.loc 1 104 3 is_stmt 1 view .LVU78
 238              		.loc 1 104 24 is_stmt 0 view .LVU79
 239 010e 0594     		str	r4, [sp, #20]
ARM GAS  C:\Users\XUCHEN~1\AppData\Local\Temp\cc3KxLra.s 			page 7


 105:Core/Src/gpio.c ****   GPIO_InitStruct.Pull = GPIO_NOPULL;
 240              		.loc 1 105 3 is_stmt 1 view .LVU80
 241              		.loc 1 105 24 is_stmt 0 view .LVU81
 242 0110 0694     		str	r4, [sp, #24]
 106:Core/Src/gpio.c ****   HAL_GPIO_Init(GPIOA, &GPIO_InitStruct);
 243              		.loc 1 106 3 is_stmt 1 view .LVU82
 244 0112 2946     		mov	r1, r5
 245 0114 3846     		mov	r0, r7
 246 0116 FFF7FEFF 		bl	HAL_GPIO_Init
 247              	.LVL9:
 107:Core/Src/gpio.c **** 
 108:Core/Src/gpio.c ****   /*Configure GPIO pin : Chao_Trig_Pin */
 109:Core/Src/gpio.c ****   GPIO_InitStruct.Pin = Chao_Trig_Pin;
 248              		.loc 1 109 3 view .LVU83
 249              		.loc 1 109 23 is_stmt 0 view .LVU84
 250 011a 0423     		movs	r3, #4
 251 011c 0493     		str	r3, [sp, #16]
 110:Core/Src/gpio.c ****   GPIO_InitStruct.Mode = GPIO_MODE_INPUT;
 252              		.loc 1 110 3 is_stmt 1 view .LVU85
 253              		.loc 1 110 24 is_stmt 0 view .LVU86
 254 011e 0594     		str	r4, [sp, #20]
 111:Core/Src/gpio.c ****   GPIO_InitStruct.Pull = GPIO_NOPULL;
 255              		.loc 1 111 3 is_stmt 1 view .LVU87
 256              		.loc 1 111 24 is_stmt 0 view .LVU88
 257 0120 0694     		str	r4, [sp, #24]
 112:Core/Src/gpio.c ****   HAL_GPIO_Init(Chao_Trig_GPIO_Port, &GPIO_InitStruct);
 258              		.loc 1 112 3 is_stmt 1 view .LVU89
 259 0122 2946     		mov	r1, r5
 260 0124 0648     		ldr	r0, .L3+16
 261 0126 FFF7FEFF 		bl	HAL_GPIO_Init
 262              	.LVL10:
 113:Core/Src/gpio.c **** 
 114:Core/Src/gpio.c **** }
 263              		.loc 1 114 1 is_stmt 0 view .LVU90
 264 012a 08B0     		add	sp, sp, #32
 265              	.LCFI2:
 266              		.cfi_def_cfa_offset 32
 267              		@ sp needed
 268 012c BDE8F087 		pop	{r4, r5, r6, r7, r8, r9, r10, pc}
 269              	.L4:
 270              		.align	2
 271              	.L3:
 272 0130 00100240 		.word	1073876992
 273 0134 00080140 		.word	1073809408
 274 0138 00100140 		.word	1073811456
 275 013c 000C0140 		.word	1073810432
 276 0140 00140140 		.word	1073812480
 277              		.cfi_endproc
 278              	.LFE65:
 280              		.text
 281              	.Letext0:
 282              		.file 2 "C:/arm-gnu-toolchain-15.2.rel1-mingw-w64-x86_64-arm-none-eabi/arm-none-eabi/include/machi
 283              		.file 3 "C:/arm-gnu-toolchain-15.2.rel1-mingw-w64-x86_64-arm-none-eabi/arm-none-eabi/include/sys/_
 284              		.file 4 "Drivers/CMSIS/Device/ST/STM32F1xx/Include/stm32f103xe.h"
 285              		.file 5 "Drivers/STM32F1xx_HAL_Driver/Inc/stm32f1xx_hal_gpio.h"
ARM GAS  C:\Users\XUCHEN~1\AppData\Local\Temp\cc3KxLra.s 			page 8


DEFINED SYMBOLS
                            *ABS*:00000000 gpio.c
C:\Users\XUCHEN~1\AppData\Local\Temp\cc3KxLra.s:19     .text.MX_GPIO_Init:00000000 $t
C:\Users\XUCHEN~1\AppData\Local\Temp\cc3KxLra.s:25     .text.MX_GPIO_Init:00000000 MX_GPIO_Init
C:\Users\XUCHEN~1\AppData\Local\Temp\cc3KxLra.s:272    .text.MX_GPIO_Init:00000130 $d

UNDEFINED SYMBOLS
HAL_GPIO_WritePin
HAL_GPIO_Init
