ARM GAS  C:\Users\XUCHEN~1\AppData\Local\Temp\ccRDrymR.s 			page 1


   1              		.cpu cortex-m3
   2              		.arch armv7-m
   3              		.fpu softvfp
   4              		.eabi_attribute 20, 1
   5              		.eabi_attribute 21, 1
   6              		.eabi_attribute 23, 3
   7              		.eabi_attribute 24, 1
   8              		.eabi_attribute 25, 1
   9              		.eabi_attribute 26, 1
  10              		.eabi_attribute 30, 1
  11              		.eabi_attribute 34, 1
  12              		.eabi_attribute 18, 4
  13              		.file	"motor.c"
  14              		.text
  15              	.Ltext0:
  16              		.cfi_sections	.debug_frame
  17              		.file 1 "Core/Src/motor.c"
  18              		.section	.text.Motor_Stop,"ax",%progbits
  19              		.align	1
  20              		.global	Motor_Stop
  21              		.syntax unified
  22              		.thumb
  23              		.thumb_func
  25              	Motor_Stop:
  26              	.LFB65:
   1:Core/Src/motor.c **** #include "motor.h"
   2:Core/Src/motor.c **** 
   3:Core/Src/motor.c **** #define PWM_MAX 999
   4:Core/Src/motor.c **** 
   5:Core/Src/motor.c **** extern TIM_HandleTypeDef htim8;
   6:Core/Src/motor.c **** 
   7:Core/Src/motor.c **** #define AIN1_H()  HAL_GPIO_WritePin(GPIOA, GPIO_PIN_0, GPIO_PIN_SET)
   8:Core/Src/motor.c **** #define AIN1_L()  HAL_GPIO_WritePin(GPIOA, GPIO_PIN_0, GPIO_PIN_RESET)
   9:Core/Src/motor.c **** #define AIN2_H()  HAL_GPIO_WritePin(GPIOA, GPIO_PIN_1, GPIO_PIN_SET)
  10:Core/Src/motor.c **** #define AIN2_L()  HAL_GPIO_WritePin(GPIOA, GPIO_PIN_1, GPIO_PIN_RESET)
  11:Core/Src/motor.c **** 
  12:Core/Src/motor.c **** #define BIN1_H()  HAL_GPIO_WritePin(GPIOA, GPIO_PIN_4, GPIO_PIN_SET)
  13:Core/Src/motor.c **** #define BIN1_L()  HAL_GPIO_WritePin(GPIOA, GPIO_PIN_4, GPIO_PIN_RESET)
  14:Core/Src/motor.c **** #define BIN2_H()  HAL_GPIO_WritePin(GPIOA, GPIO_PIN_5, GPIO_PIN_SET)
  15:Core/Src/motor.c **** #define BIN2_L()  HAL_GPIO_WritePin(GPIOA, GPIO_PIN_5, GPIO_PIN_RESET)
  16:Core/Src/motor.c **** 
  17:Core/Src/motor.c **** #define PWM_L_SET(duty)  __HAL_TIM_SET_COMPARE(&htim8, TIM_CHANNEL_1, duty)
  18:Core/Src/motor.c **** #define PWM_R_SET(duty)  __HAL_TIM_SET_COMPARE(&htim8, TIM_CHANNEL_2, duty)
  19:Core/Src/motor.c **** 
  20:Core/Src/motor.c **** void Motor_Stop(void)
  21:Core/Src/motor.c **** {
  27              		.loc 1 21 1 view -0
  28              		.cfi_startproc
  29              		@ args = 0, pretend = 0, frame = 0
  30              		@ frame_needed = 0, uses_anonymous_args = 0
  31 0000 10B5     		push	{r4, lr}
  32              	.LCFI0:
  33              		.cfi_def_cfa_offset 8
  34              		.cfi_offset 4, -8
  35              		.cfi_offset 14, -4
  22:Core/Src/motor.c ****     AIN1_L(); AIN2_L();
  36              		.loc 1 22 5 view .LVU1
ARM GAS  C:\Users\XUCHEN~1\AppData\Local\Temp\ccRDrymR.s 			page 2


  37 0002 0D4C     		ldr	r4, .L3
  38 0004 0022     		movs	r2, #0
  39 0006 0121     		movs	r1, #1
  40 0008 2046     		mov	r0, r4
  41 000a FFF7FEFF 		bl	HAL_GPIO_WritePin
  42              	.LVL0:
  43              		.loc 1 22 15 discriminator 1 view .LVU2
  44 000e 0022     		movs	r2, #0
  45 0010 0221     		movs	r1, #2
  46 0012 2046     		mov	r0, r4
  47 0014 FFF7FEFF 		bl	HAL_GPIO_WritePin
  48              	.LVL1:
  23:Core/Src/motor.c ****     BIN1_L(); BIN2_L();
  49              		.loc 1 23 5 view .LVU3
  50 0018 0022     		movs	r2, #0
  51 001a 1021     		movs	r1, #16
  52 001c 2046     		mov	r0, r4
  53 001e FFF7FEFF 		bl	HAL_GPIO_WritePin
  54              	.LVL2:
  55              		.loc 1 23 15 discriminator 1 view .LVU4
  56 0022 0022     		movs	r2, #0
  57 0024 2021     		movs	r1, #32
  58 0026 2046     		mov	r0, r4
  59 0028 FFF7FEFF 		bl	HAL_GPIO_WritePin
  60              	.LVL3:
  24:Core/Src/motor.c ****     PWM_L_SET(0);
  61              		.loc 1 24 5 view .LVU5
  62 002c 034B     		ldr	r3, .L3+4
  63 002e 1B68     		ldr	r3, [r3]
  64 0030 0022     		movs	r2, #0
  65 0032 5A63     		str	r2, [r3, #52]
  25:Core/Src/motor.c ****     PWM_R_SET(0);
  66              		.loc 1 25 5 view .LVU6
  67 0034 9A63     		str	r2, [r3, #56]
  26:Core/Src/motor.c **** }
  68              		.loc 1 26 1 is_stmt 0 view .LVU7
  69 0036 10BD     		pop	{r4, pc}
  70              	.L4:
  71              		.align	2
  72              	.L3:
  73 0038 00080140 		.word	1073809408
  74 003c 00000000 		.word	htim8
  75              		.cfi_endproc
  76              	.LFE65:
  78              		.section	.text.Motor_Forward,"ax",%progbits
  79              		.align	1
  80              		.global	Motor_Forward
  81              		.syntax unified
  82              		.thumb
  83              		.thumb_func
  85              	Motor_Forward:
  86              	.LVL4:
  87              	.LFB66:
  27:Core/Src/motor.c **** 
  28:Core/Src/motor.c **** void Motor_Forward(uint16_t pwm_l, uint16_t pwm_r)
  29:Core/Src/motor.c **** {
  88              		.loc 1 29 1 is_stmt 1 view -0
ARM GAS  C:\Users\XUCHEN~1\AppData\Local\Temp\ccRDrymR.s 			page 3


  89              		.cfi_startproc
  90              		@ args = 0, pretend = 0, frame = 0
  91              		@ frame_needed = 0, uses_anonymous_args = 0
  92              		.loc 1 29 1 is_stmt 0 view .LVU9
  93 0000 70B5     		push	{r4, r5, r6, lr}
  94              	.LCFI1:
  95              		.cfi_def_cfa_offset 16
  96              		.cfi_offset 4, -16
  97              		.cfi_offset 5, -12
  98              		.cfi_offset 6, -8
  99              		.cfi_offset 14, -4
 100 0002 0546     		mov	r5, r0
 101 0004 0C46     		mov	r4, r1
  30:Core/Src/motor.c ****     if(pwm_l > PWM_MAX) pwm_l = PWM_MAX;
 102              		.loc 1 30 5 is_stmt 1 view .LVU10
 103              		.loc 1 30 7 is_stmt 0 view .LVU11
 104 0006 B0F57A7F 		cmp	r0, #1000
 105 000a 01D3     		bcc	.L6
 106              		.loc 1 30 31 discriminator 1 view .LVU12
 107 000c 40F2E735 		movw	r5, #999
 108              	.L6:
 109              	.LVL5:
  31:Core/Src/motor.c ****     if(pwm_r > PWM_MAX) pwm_r = PWM_MAX;
 110              		.loc 1 31 5 is_stmt 1 view .LVU13
 111              		.loc 1 31 7 is_stmt 0 view .LVU14
 112 0010 B4F57A7F 		cmp	r4, #1000
 113 0014 01D3     		bcc	.L7
 114              		.loc 1 31 31 discriminator 1 view .LVU15
 115 0016 40F2E734 		movw	r4, #999
 116              	.L7:
 117              	.LVL6:
  32:Core/Src/motor.c ****     AIN1_H(); AIN2_L();
 118              		.loc 1 32 5 is_stmt 1 view .LVU16
 119 001a 0D4E     		ldr	r6, .L11
 120 001c 0122     		movs	r2, #1
 121 001e 1146     		mov	r1, r2
 122 0020 3046     		mov	r0, r6
 123 0022 FFF7FEFF 		bl	HAL_GPIO_WritePin
 124              	.LVL7:
 125              		.loc 1 32 15 discriminator 1 view .LVU17
 126 0026 0022     		movs	r2, #0
 127 0028 0221     		movs	r1, #2
 128 002a 3046     		mov	r0, r6
 129 002c FFF7FEFF 		bl	HAL_GPIO_WritePin
 130              	.LVL8:
  33:Core/Src/motor.c ****     BIN1_H(); BIN2_L();
 131              		.loc 1 33 5 view .LVU18
 132 0030 0122     		movs	r2, #1
 133 0032 1021     		movs	r1, #16
 134 0034 3046     		mov	r0, r6
 135 0036 FFF7FEFF 		bl	HAL_GPIO_WritePin
 136              	.LVL9:
 137              		.loc 1 33 15 discriminator 1 view .LVU19
 138 003a 0022     		movs	r2, #0
 139 003c 2021     		movs	r1, #32
 140 003e 3046     		mov	r0, r6
 141 0040 FFF7FEFF 		bl	HAL_GPIO_WritePin
ARM GAS  C:\Users\XUCHEN~1\AppData\Local\Temp\ccRDrymR.s 			page 4


 142              	.LVL10:
  34:Core/Src/motor.c ****     PWM_L_SET(pwm_l);
 143              		.loc 1 34 5 view .LVU20
 144 0044 034B     		ldr	r3, .L11+4
 145 0046 1B68     		ldr	r3, [r3]
 146 0048 5D63     		str	r5, [r3, #52]
  35:Core/Src/motor.c ****     PWM_R_SET(pwm_r);
 147              		.loc 1 35 5 view .LVU21
 148 004a 9C63     		str	r4, [r3, #56]
  36:Core/Src/motor.c **** }
 149              		.loc 1 36 1 is_stmt 0 view .LVU22
 150 004c 70BD     		pop	{r4, r5, r6, pc}
 151              	.LVL11:
 152              	.L12:
 153              		.loc 1 36 1 view .LVU23
 154 004e 00BF     		.align	2
 155              	.L11:
 156 0050 00080140 		.word	1073809408
 157 0054 00000000 		.word	htim8
 158              		.cfi_endproc
 159              	.LFE66:
 161              		.section	.text.Motor_Backward,"ax",%progbits
 162              		.align	1
 163              		.global	Motor_Backward
 164              		.syntax unified
 165              		.thumb
 166              		.thumb_func
 168              	Motor_Backward:
 169              	.LVL12:
 170              	.LFB67:
  37:Core/Src/motor.c **** 
  38:Core/Src/motor.c **** void Motor_Backward(uint16_t pwm_l, uint16_t pwm_r)
  39:Core/Src/motor.c **** {
 171              		.loc 1 39 1 is_stmt 1 view -0
 172              		.cfi_startproc
 173              		@ args = 0, pretend = 0, frame = 0
 174              		@ frame_needed = 0, uses_anonymous_args = 0
 175              		.loc 1 39 1 is_stmt 0 view .LVU25
 176 0000 70B5     		push	{r4, r5, r6, lr}
 177              	.LCFI2:
 178              		.cfi_def_cfa_offset 16
 179              		.cfi_offset 4, -16
 180              		.cfi_offset 5, -12
 181              		.cfi_offset 6, -8
 182              		.cfi_offset 14, -4
 183 0002 0546     		mov	r5, r0
 184 0004 0C46     		mov	r4, r1
  40:Core/Src/motor.c ****     if(pwm_l > PWM_MAX) pwm_l = PWM_MAX;
 185              		.loc 1 40 5 is_stmt 1 view .LVU26
 186              		.loc 1 40 7 is_stmt 0 view .LVU27
 187 0006 B0F57A7F 		cmp	r0, #1000
 188 000a 01D3     		bcc	.L14
 189              		.loc 1 40 31 discriminator 1 view .LVU28
 190 000c 40F2E735 		movw	r5, #999
 191              	.L14:
 192              	.LVL13:
  41:Core/Src/motor.c ****     if(pwm_r > PWM_MAX) pwm_r = PWM_MAX;
ARM GAS  C:\Users\XUCHEN~1\AppData\Local\Temp\ccRDrymR.s 			page 5


 193              		.loc 1 41 5 is_stmt 1 view .LVU29
 194              		.loc 1 41 7 is_stmt 0 view .LVU30
 195 0010 B4F57A7F 		cmp	r4, #1000
 196 0014 01D3     		bcc	.L15
 197              		.loc 1 41 31 discriminator 1 view .LVU31
 198 0016 40F2E734 		movw	r4, #999
 199              	.L15:
 200              	.LVL14:
  42:Core/Src/motor.c ****     AIN1_L(); AIN2_H();
 201              		.loc 1 42 5 is_stmt 1 view .LVU32
 202 001a 0D4E     		ldr	r6, .L19
 203 001c 0022     		movs	r2, #0
 204 001e 0121     		movs	r1, #1
 205 0020 3046     		mov	r0, r6
 206 0022 FFF7FEFF 		bl	HAL_GPIO_WritePin
 207              	.LVL15:
 208              		.loc 1 42 15 discriminator 1 view .LVU33
 209 0026 0122     		movs	r2, #1
 210 0028 0221     		movs	r1, #2
 211 002a 3046     		mov	r0, r6
 212 002c FFF7FEFF 		bl	HAL_GPIO_WritePin
 213              	.LVL16:
  43:Core/Src/motor.c ****     BIN1_L(); BIN2_H();
 214              		.loc 1 43 5 view .LVU34
 215 0030 0022     		movs	r2, #0
 216 0032 1021     		movs	r1, #16
 217 0034 3046     		mov	r0, r6
 218 0036 FFF7FEFF 		bl	HAL_GPIO_WritePin
 219              	.LVL17:
 220              		.loc 1 43 15 discriminator 1 view .LVU35
 221 003a 0122     		movs	r2, #1
 222 003c 2021     		movs	r1, #32
 223 003e 3046     		mov	r0, r6
 224 0040 FFF7FEFF 		bl	HAL_GPIO_WritePin
 225              	.LVL18:
  44:Core/Src/motor.c ****     PWM_L_SET(pwm_l);
 226              		.loc 1 44 5 view .LVU36
 227 0044 034B     		ldr	r3, .L19+4
 228 0046 1B68     		ldr	r3, [r3]
 229 0048 5D63     		str	r5, [r3, #52]
  45:Core/Src/motor.c ****     PWM_R_SET(pwm_r);
 230              		.loc 1 45 5 view .LVU37
 231 004a 9C63     		str	r4, [r3, #56]
  46:Core/Src/motor.c **** }
 232              		.loc 1 46 1 is_stmt 0 view .LVU38
 233 004c 70BD     		pop	{r4, r5, r6, pc}
 234              	.LVL19:
 235              	.L20:
 236              		.loc 1 46 1 view .LVU39
 237 004e 00BF     		.align	2
 238              	.L19:
 239 0050 00080140 		.word	1073809408
 240 0054 00000000 		.word	htim8
 241              		.cfi_endproc
 242              	.LFE67:
 244              		.section	.text.Motor_Turn_Left,"ax",%progbits
 245              		.align	1
ARM GAS  C:\Users\XUCHEN~1\AppData\Local\Temp\ccRDrymR.s 			page 6


 246              		.global	Motor_Turn_Left
 247              		.syntax unified
 248              		.thumb
 249              		.thumb_func
 251              	Motor_Turn_Left:
 252              	.LVL20:
 253              	.LFB68:
  47:Core/Src/motor.c **** 
  48:Core/Src/motor.c **** void Motor_Turn_Left(uint16_t pwm)
  49:Core/Src/motor.c **** {
 254              		.loc 1 49 1 is_stmt 1 view -0
 255              		.cfi_startproc
 256              		@ args = 0, pretend = 0, frame = 0
 257              		@ frame_needed = 0, uses_anonymous_args = 0
 258              		.loc 1 49 1 is_stmt 0 view .LVU41
 259 0000 70B5     		push	{r4, r5, r6, lr}
 260              	.LCFI3:
 261              		.cfi_def_cfa_offset 16
 262              		.cfi_offset 4, -16
 263              		.cfi_offset 5, -12
 264              		.cfi_offset 6, -8
 265              		.cfi_offset 14, -4
 266 0002 0446     		mov	r4, r0
  50:Core/Src/motor.c ****     if(pwm > PWM_MAX) pwm = PWM_MAX;
 267              		.loc 1 50 5 is_stmt 1 view .LVU42
 268              		.loc 1 50 7 is_stmt 0 view .LVU43
 269 0004 B0F57A7F 		cmp	r0, #1000
 270 0008 01D3     		bcc	.L22
 271              		.loc 1 50 27 discriminator 1 view .LVU44
 272 000a 40F2E734 		movw	r4, #999
 273              	.L22:
 274              	.LVL21:
  51:Core/Src/motor.c ****     uint16_t pwm_left = pwm * 60 / 100;
 275              		.loc 1 51 5 is_stmt 1 view .LVU45
 276              		.loc 1 51 29 is_stmt 0 view .LVU46
 277 000e C4EB0413 		rsb	r3, r4, r4, lsl #4
 278 0012 9B00     		lsls	r3, r3, #2
 279              		.loc 1 51 34 view .LVU47
 280 0014 104A     		ldr	r2, .L25
 281 0016 82FB0312 		smull	r1, r2, r2, r3
 282 001a DB17     		asrs	r3, r3, #31
 283 001c C3EB6216 		rsb	r6, r3, r2, asr #5
 284              	.LVL22:
  52:Core/Src/motor.c ****     uint16_t pwm_right = pwm;
 285              		.loc 1 52 5 is_stmt 1 view .LVU48
  53:Core/Src/motor.c ****     AIN1_H(); AIN2_L();
 286              		.loc 1 53 5 view .LVU49
 287 0020 0E4D     		ldr	r5, .L25+4
 288 0022 0122     		movs	r2, #1
 289 0024 1146     		mov	r1, r2
 290 0026 2846     		mov	r0, r5
 291 0028 FFF7FEFF 		bl	HAL_GPIO_WritePin
 292              	.LVL23:
 293              		.loc 1 53 15 discriminator 1 view .LVU50
 294 002c 0022     		movs	r2, #0
 295 002e 0221     		movs	r1, #2
 296 0030 2846     		mov	r0, r5
ARM GAS  C:\Users\XUCHEN~1\AppData\Local\Temp\ccRDrymR.s 			page 7


 297 0032 FFF7FEFF 		bl	HAL_GPIO_WritePin
 298              	.LVL24:
  54:Core/Src/motor.c ****     BIN1_H(); BIN2_L();
 299              		.loc 1 54 5 view .LVU51
 300 0036 0122     		movs	r2, #1
 301 0038 1021     		movs	r1, #16
 302 003a 2846     		mov	r0, r5
 303 003c FFF7FEFF 		bl	HAL_GPIO_WritePin
 304              	.LVL25:
 305              		.loc 1 54 15 discriminator 1 view .LVU52
 306 0040 0022     		movs	r2, #0
 307 0042 2021     		movs	r1, #32
 308 0044 2846     		mov	r0, r5
 309 0046 FFF7FEFF 		bl	HAL_GPIO_WritePin
 310              	.LVL26:
  55:Core/Src/motor.c ****     PWM_L_SET(pwm_left);
 311              		.loc 1 55 5 view .LVU53
 312 004a 054B     		ldr	r3, .L25+8
 313 004c 1A68     		ldr	r2, [r3]
 314 004e B3B2     		uxth	r3, r6
 315 0050 5363     		str	r3, [r2, #52]
  56:Core/Src/motor.c ****     PWM_R_SET(pwm_right);
 316              		.loc 1 56 5 view .LVU54
 317 0052 9463     		str	r4, [r2, #56]
  57:Core/Src/motor.c **** }
 318              		.loc 1 57 1 is_stmt 0 view .LVU55
 319 0054 70BD     		pop	{r4, r5, r6, pc}
 320              	.LVL27:
 321              	.L26:
 322              		.loc 1 57 1 view .LVU56
 323 0056 00BF     		.align	2
 324              	.L25:
 325 0058 1F85EB51 		.word	1374389535
 326 005c 00080140 		.word	1073809408
 327 0060 00000000 		.word	htim8
 328              		.cfi_endproc
 329              	.LFE68:
 331              		.section	.text.Motor_Turn_Right,"ax",%progbits
 332              		.align	1
 333              		.global	Motor_Turn_Right
 334              		.syntax unified
 335              		.thumb
 336              		.thumb_func
 338              	Motor_Turn_Right:
 339              	.LVL28:
 340              	.LFB69:
  58:Core/Src/motor.c **** 
  59:Core/Src/motor.c **** void Motor_Turn_Right(uint16_t pwm)
  60:Core/Src/motor.c **** {
 341              		.loc 1 60 1 is_stmt 1 view -0
 342              		.cfi_startproc
 343              		@ args = 0, pretend = 0, frame = 0
 344              		@ frame_needed = 0, uses_anonymous_args = 0
 345              		.loc 1 60 1 is_stmt 0 view .LVU58
 346 0000 70B5     		push	{r4, r5, r6, lr}
 347              	.LCFI4:
 348              		.cfi_def_cfa_offset 16
ARM GAS  C:\Users\XUCHEN~1\AppData\Local\Temp\ccRDrymR.s 			page 8


 349              		.cfi_offset 4, -16
 350              		.cfi_offset 5, -12
 351              		.cfi_offset 6, -8
 352              		.cfi_offset 14, -4
 353 0002 0446     		mov	r4, r0
  61:Core/Src/motor.c ****     if(pwm > PWM_MAX) pwm = PWM_MAX;
 354              		.loc 1 61 5 is_stmt 1 view .LVU59
 355              		.loc 1 61 7 is_stmt 0 view .LVU60
 356 0004 B0F57A7F 		cmp	r0, #1000
 357 0008 01D3     		bcc	.L28
 358              		.loc 1 61 27 discriminator 1 view .LVU61
 359 000a 40F2E734 		movw	r4, #999
 360              	.L28:
 361              	.LVL29:
  62:Core/Src/motor.c ****     uint16_t pwm_left = pwm;
 362              		.loc 1 62 5 is_stmt 1 view .LVU62
  63:Core/Src/motor.c ****     uint16_t pwm_right = pwm * 60 / 100;
 363              		.loc 1 63 5 view .LVU63
 364              		.loc 1 63 30 is_stmt 0 view .LVU64
 365 000e C4EB0413 		rsb	r3, r4, r4, lsl #4
 366 0012 9B00     		lsls	r3, r3, #2
 367              		.loc 1 63 35 view .LVU65
 368 0014 104A     		ldr	r2, .L31
 369 0016 82FB0312 		smull	r1, r2, r2, r3
 370 001a DB17     		asrs	r3, r3, #31
 371 001c C3EB6216 		rsb	r6, r3, r2, asr #5
 372              	.LVL30:
  64:Core/Src/motor.c ****     AIN1_H(); AIN2_L();
 373              		.loc 1 64 5 is_stmt 1 view .LVU66
 374 0020 0E4D     		ldr	r5, .L31+4
 375 0022 0122     		movs	r2, #1
 376 0024 1146     		mov	r1, r2
 377 0026 2846     		mov	r0, r5
 378 0028 FFF7FEFF 		bl	HAL_GPIO_WritePin
 379              	.LVL31:
 380              		.loc 1 64 15 discriminator 1 view .LVU67
 381 002c 0022     		movs	r2, #0
 382 002e 0221     		movs	r1, #2
 383 0030 2846     		mov	r0, r5
 384 0032 FFF7FEFF 		bl	HAL_GPIO_WritePin
 385              	.LVL32:
  65:Core/Src/motor.c ****     BIN1_H(); BIN2_L();
 386              		.loc 1 65 5 view .LVU68
 387 0036 0122     		movs	r2, #1
 388 0038 1021     		movs	r1, #16
 389 003a 2846     		mov	r0, r5
 390 003c FFF7FEFF 		bl	HAL_GPIO_WritePin
 391              	.LVL33:
 392              		.loc 1 65 15 discriminator 1 view .LVU69
 393 0040 0022     		movs	r2, #0
 394 0042 2021     		movs	r1, #32
 395 0044 2846     		mov	r0, r5
 396 0046 FFF7FEFF 		bl	HAL_GPIO_WritePin
 397              	.LVL34:
  66:Core/Src/motor.c ****     PWM_L_SET(pwm_left);
 398              		.loc 1 66 5 view .LVU70
 399 004a 054B     		ldr	r3, .L31+8
ARM GAS  C:\Users\XUCHEN~1\AppData\Local\Temp\ccRDrymR.s 			page 9


 400 004c 1A68     		ldr	r2, [r3]
 401 004e 5463     		str	r4, [r2, #52]
  67:Core/Src/motor.c ****     PWM_R_SET(pwm_right);
 402              		.loc 1 67 5 view .LVU71
 403 0050 B3B2     		uxth	r3, r6
 404 0052 9363     		str	r3, [r2, #56]
  68:Core/Src/motor.c **** }...
 405              		.loc 1 68 1 is_stmt 0 view .LVU72
 406 0054 70BD     		pop	{r4, r5, r6, pc}
 407              	.LVL35:
 408              	.L32:
 409              		.loc 1 68 1 view .LVU73
 410 0056 00BF     		.align	2
 411              	.L31:
 412 0058 1F85EB51 		.word	1374389535
 413 005c 00080140 		.word	1073809408
 414 0060 00000000 		.word	htim8
 415              		.cfi_endproc
 416              	.LFE69:
 418              		.text
 419              	.Letext0:
 420              		.file 2 "C:/arm-gnu-toolchain-15.2.rel1-mingw-w64-x86_64-arm-none-eabi/arm-none-eabi/include/machi
 421              		.file 3 "C:/arm-gnu-toolchain-15.2.rel1-mingw-w64-x86_64-arm-none-eabi/arm-none-eabi/include/sys/_
 422              		.file 4 "Drivers/CMSIS/Device/ST/STM32F1xx/Include/stm32f103xe.h"
 423              		.file 5 "Drivers/STM32F1xx_HAL_Driver/Inc/stm32f1xx_hal_def.h"
 424              		.file 6 "Drivers/STM32F1xx_HAL_Driver/Inc/stm32f1xx_hal_gpio.h"
 425              		.file 7 "Drivers/STM32F1xx_HAL_Driver/Inc/stm32f1xx_hal_dma.h"
 426              		.file 8 "Drivers/STM32F1xx_HAL_Driver/Inc/stm32f1xx_hal_tim.h"
ARM GAS  C:\Users\XUCHEN~1\AppData\Local\Temp\ccRDrymR.s 			page 10


DEFINED SYMBOLS
                            *ABS*:00000000 motor.c
C:\Users\XUCHEN~1\AppData\Local\Temp\ccRDrymR.s:19     .text.Motor_Stop:00000000 $t
C:\Users\XUCHEN~1\AppData\Local\Temp\ccRDrymR.s:25     .text.Motor_Stop:00000000 Motor_Stop
C:\Users\XUCHEN~1\AppData\Local\Temp\ccRDrymR.s:73     .text.Motor_Stop:00000038 $d
C:\Users\XUCHEN~1\AppData\Local\Temp\ccRDrymR.s:79     .text.Motor_Forward:00000000 $t
C:\Users\XUCHEN~1\AppData\Local\Temp\ccRDrymR.s:85     .text.Motor_Forward:00000000 Motor_Forward
C:\Users\XUCHEN~1\AppData\Local\Temp\ccRDrymR.s:156    .text.Motor_Forward:00000050 $d
C:\Users\XUCHEN~1\AppData\Local\Temp\ccRDrymR.s:162    .text.Motor_Backward:00000000 $t
C:\Users\XUCHEN~1\AppData\Local\Temp\ccRDrymR.s:168    .text.Motor_Backward:00000000 Motor_Backward
C:\Users\XUCHEN~1\AppData\Local\Temp\ccRDrymR.s:239    .text.Motor_Backward:00000050 $d
C:\Users\XUCHEN~1\AppData\Local\Temp\ccRDrymR.s:245    .text.Motor_Turn_Left:00000000 $t
C:\Users\XUCHEN~1\AppData\Local\Temp\ccRDrymR.s:251    .text.Motor_Turn_Left:00000000 Motor_Turn_Left
C:\Users\XUCHEN~1\AppData\Local\Temp\ccRDrymR.s:325    .text.Motor_Turn_Left:00000058 $d
C:\Users\XUCHEN~1\AppData\Local\Temp\ccRDrymR.s:332    .text.Motor_Turn_Right:00000000 $t
C:\Users\XUCHEN~1\AppData\Local\Temp\ccRDrymR.s:338    .text.Motor_Turn_Right:00000000 Motor_Turn_Right
C:\Users\XUCHEN~1\AppData\Local\Temp\ccRDrymR.s:412    .text.Motor_Turn_Right:00000058 $d

UNDEFINED SYMBOLS
HAL_GPIO_WritePin
htim8
