ARM GAS  C:\Users\XUCHEN~1\AppData\Local\Temp\ccgJhmMU.s 			page 1


   1              		.cpu cortex-m3
   2              		.arch armv7-m
   3              		.fpu softvfp
   4              		.eabi_attribute 20, 1
   5              		.eabi_attribute 21, 1
   6              		.eabi_attribute 23, 3
   7              		.eabi_attribute 24, 1
   8              		.eabi_attribute 25, 1
   9              		.eabi_attribute 26, 1
  10              		.eabi_attribute 30, 1
  11              		.eabi_attribute 34, 1
  12              		.eabi_attribute 18, 4
  13              		.file	"usart.c"
  14              		.text
  15              	.Ltext0:
  16              		.cfi_sections	.debug_frame
  17              		.file 1 "Core/Src/usart.c"
  18              		.section	.text.MX_USART1_UART_Init,"ax",%progbits
  19              		.align	1
  20              		.global	MX_USART1_UART_Init
  21              		.syntax unified
  22              		.thumb
  23              		.thumb_func
  25              	MX_USART1_UART_Init:
  26              	.LFB65:
   1:Core/Src/usart.c **** /* USER CODE BEGIN Header */
   2:Core/Src/usart.c **** /**
   3:Core/Src/usart.c ****   ******************************************************************************
   4:Core/Src/usart.c ****   * @file    usart.c
   5:Core/Src/usart.c ****   * @brief   This file provides code for the configuration
   6:Core/Src/usart.c ****   *          of the USART instances.
   7:Core/Src/usart.c ****   ******************************************************************************
   8:Core/Src/usart.c ****   * @attention
   9:Core/Src/usart.c ****   *
  10:Core/Src/usart.c ****   * Copyright (c) 2026 STMicroelectronics.
  11:Core/Src/usart.c ****   * All rights reserved.
  12:Core/Src/usart.c ****   *
  13:Core/Src/usart.c ****   * This software is licensed under terms that can be found in the LICENSE file
  14:Core/Src/usart.c ****   * in the root directory of this software component.
  15:Core/Src/usart.c ****   * If no LICENSE file comes with this software, it is provided AS-IS.
  16:Core/Src/usart.c ****   *
  17:Core/Src/usart.c ****   ******************************************************************************
  18:Core/Src/usart.c ****   */
  19:Core/Src/usart.c **** /* USER CODE END Header */
  20:Core/Src/usart.c **** /* Includes ------------------------------------------------------------------*/
  21:Core/Src/usart.c **** #include "usart.h"
  22:Core/Src/usart.c **** 
  23:Core/Src/usart.c **** /* USER CODE BEGIN 0 */
  24:Core/Src/usart.c **** 
  25:Core/Src/usart.c **** /* USER CODE END 0 */
  26:Core/Src/usart.c **** 
  27:Core/Src/usart.c **** UART_HandleTypeDef huart1;
  28:Core/Src/usart.c **** UART_HandleTypeDef huart2;
  29:Core/Src/usart.c **** UART_HandleTypeDef huart3;
  30:Core/Src/usart.c **** 
  31:Core/Src/usart.c **** /* USART1 init function */
  32:Core/Src/usart.c **** 
ARM GAS  C:\Users\XUCHEN~1\AppData\Local\Temp\ccgJhmMU.s 			page 2


  33:Core/Src/usart.c **** void MX_USART1_UART_Init(void)
  34:Core/Src/usart.c **** {
  27              		.loc 1 34 1 view -0
  28              		.cfi_startproc
  29              		@ args = 0, pretend = 0, frame = 0
  30              		@ frame_needed = 0, uses_anonymous_args = 0
  31 0000 08B5     		push	{r3, lr}
  32              	.LCFI0:
  33              		.cfi_def_cfa_offset 8
  34              		.cfi_offset 3, -8
  35              		.cfi_offset 14, -4
  35:Core/Src/usart.c **** 
  36:Core/Src/usart.c ****   /* USER CODE BEGIN USART1_Init 0 */
  37:Core/Src/usart.c **** 
  38:Core/Src/usart.c ****   /* USER CODE END USART1_Init 0 */
  39:Core/Src/usart.c **** 
  40:Core/Src/usart.c ****   /* USER CODE BEGIN USART1_Init 1 */
  41:Core/Src/usart.c **** 
  42:Core/Src/usart.c ****   /* USER CODE END USART1_Init 1 */
  43:Core/Src/usart.c ****   huart1.Instance = USART1;
  36              		.loc 1 43 3 view .LVU1
  37              		.loc 1 43 19 is_stmt 0 view .LVU2
  38 0002 0A48     		ldr	r0, .L5
  39 0004 0A4B     		ldr	r3, .L5+4
  40 0006 0360     		str	r3, [r0]
  44:Core/Src/usart.c ****   huart1.Init.BaudRate = 115200;
  41              		.loc 1 44 3 is_stmt 1 view .LVU3
  42              		.loc 1 44 24 is_stmt 0 view .LVU4
  43 0008 4FF4E133 		mov	r3, #115200
  44 000c 4360     		str	r3, [r0, #4]
  45:Core/Src/usart.c ****   huart1.Init.WordLength = UART_WORDLENGTH_8B;
  45              		.loc 1 45 3 is_stmt 1 view .LVU5
  46              		.loc 1 45 26 is_stmt 0 view .LVU6
  47 000e 0023     		movs	r3, #0
  48 0010 8360     		str	r3, [r0, #8]
  46:Core/Src/usart.c ****   huart1.Init.StopBits = UART_STOPBITS_1;
  49              		.loc 1 46 3 is_stmt 1 view .LVU7
  50              		.loc 1 46 24 is_stmt 0 view .LVU8
  51 0012 C360     		str	r3, [r0, #12]
  47:Core/Src/usart.c ****   huart1.Init.Parity = UART_PARITY_NONE;
  52              		.loc 1 47 3 is_stmt 1 view .LVU9
  53              		.loc 1 47 22 is_stmt 0 view .LVU10
  54 0014 0361     		str	r3, [r0, #16]
  48:Core/Src/usart.c ****   huart1.Init.Mode = UART_MODE_TX_RX;
  55              		.loc 1 48 3 is_stmt 1 view .LVU11
  56              		.loc 1 48 20 is_stmt 0 view .LVU12
  57 0016 0C22     		movs	r2, #12
  58 0018 4261     		str	r2, [r0, #20]
  49:Core/Src/usart.c ****   huart1.Init.HwFlowCtl = UART_HWCONTROL_NONE;
  59              		.loc 1 49 3 is_stmt 1 view .LVU13
  60              		.loc 1 49 25 is_stmt 0 view .LVU14
  61 001a 8361     		str	r3, [r0, #24]
  50:Core/Src/usart.c ****   huart1.Init.OverSampling = UART_OVERSAMPLING_16;
  62              		.loc 1 50 3 is_stmt 1 view .LVU15
  63              		.loc 1 50 28 is_stmt 0 view .LVU16
  64 001c C361     		str	r3, [r0, #28]
  51:Core/Src/usart.c ****   if (HAL_UART_Init(&huart1) != HAL_OK)
ARM GAS  C:\Users\XUCHEN~1\AppData\Local\Temp\ccgJhmMU.s 			page 3


  65              		.loc 1 51 3 is_stmt 1 view .LVU17
  66              		.loc 1 51 7 is_stmt 0 view .LVU18
  67 001e FFF7FEFF 		bl	HAL_UART_Init
  68              	.LVL0:
  69              		.loc 1 51 6 discriminator 1 view .LVU19
  70 0022 00B9     		cbnz	r0, .L4
  71              	.L1:
  52:Core/Src/usart.c ****   {
  53:Core/Src/usart.c ****     Error_Handler();
  54:Core/Src/usart.c ****   }
  55:Core/Src/usart.c ****   /* USER CODE BEGIN USART1_Init 2 */
  56:Core/Src/usart.c **** 
  57:Core/Src/usart.c ****   /* USER CODE END USART1_Init 2 */
  58:Core/Src/usart.c **** 
  59:Core/Src/usart.c **** }
  72              		.loc 1 59 1 view .LVU20
  73 0024 08BD     		pop	{r3, pc}
  74              	.L4:
  53:Core/Src/usart.c ****   }
  75              		.loc 1 53 5 is_stmt 1 view .LVU21
  76 0026 FFF7FEFF 		bl	Error_Handler
  77              	.LVL1:
  78              		.loc 1 59 1 is_stmt 0 view .LVU22
  79 002a FBE7     		b	.L1
  80              	.L6:
  81              		.align	2
  82              	.L5:
  83 002c 00000000 		.word	huart1
  84 0030 00380140 		.word	1073821696
  85              		.cfi_endproc
  86              	.LFE65:
  88              		.section	.text.MX_USART2_UART_Init,"ax",%progbits
  89              		.align	1
  90              		.global	MX_USART2_UART_Init
  91              		.syntax unified
  92              		.thumb
  93              		.thumb_func
  95              	MX_USART2_UART_Init:
  96              	.LFB66:
  60:Core/Src/usart.c **** /* USART2 init function */
  61:Core/Src/usart.c **** 
  62:Core/Src/usart.c **** void MX_USART2_UART_Init(void)
  63:Core/Src/usart.c **** {
  97              		.loc 1 63 1 is_stmt 1 view -0
  98              		.cfi_startproc
  99              		@ args = 0, pretend = 0, frame = 0
 100              		@ frame_needed = 0, uses_anonymous_args = 0
 101 0000 08B5     		push	{r3, lr}
 102              	.LCFI1:
 103              		.cfi_def_cfa_offset 8
 104              		.cfi_offset 3, -8
 105              		.cfi_offset 14, -4
  64:Core/Src/usart.c **** 
  65:Core/Src/usart.c ****   /* USER CODE BEGIN USART2_Init 0 */
  66:Core/Src/usart.c **** 
  67:Core/Src/usart.c ****   /* USER CODE END USART2_Init 0 */
  68:Core/Src/usart.c **** 
ARM GAS  C:\Users\XUCHEN~1\AppData\Local\Temp\ccgJhmMU.s 			page 4


  69:Core/Src/usart.c ****   /* USER CODE BEGIN USART2_Init 1 */
  70:Core/Src/usart.c **** 
  71:Core/Src/usart.c ****   /* USER CODE END USART2_Init 1 */
  72:Core/Src/usart.c ****   huart2.Instance = USART2;
 106              		.loc 1 72 3 view .LVU24
 107              		.loc 1 72 19 is_stmt 0 view .LVU25
 108 0002 0A48     		ldr	r0, .L11
 109 0004 0A4B     		ldr	r3, .L11+4
 110 0006 0360     		str	r3, [r0]
  73:Core/Src/usart.c ****   huart2.Init.BaudRate = 115200;
 111              		.loc 1 73 3 is_stmt 1 view .LVU26
 112              		.loc 1 73 24 is_stmt 0 view .LVU27
 113 0008 4FF4E133 		mov	r3, #115200
 114 000c 4360     		str	r3, [r0, #4]
  74:Core/Src/usart.c ****   huart2.Init.WordLength = UART_WORDLENGTH_8B;
 115              		.loc 1 74 3 is_stmt 1 view .LVU28
 116              		.loc 1 74 26 is_stmt 0 view .LVU29
 117 000e 0023     		movs	r3, #0
 118 0010 8360     		str	r3, [r0, #8]
  75:Core/Src/usart.c ****   huart2.Init.StopBits = UART_STOPBITS_1;
 119              		.loc 1 75 3 is_stmt 1 view .LVU30
 120              		.loc 1 75 24 is_stmt 0 view .LVU31
 121 0012 C360     		str	r3, [r0, #12]
  76:Core/Src/usart.c ****   huart2.Init.Parity = UART_PARITY_NONE;
 122              		.loc 1 76 3 is_stmt 1 view .LVU32
 123              		.loc 1 76 22 is_stmt 0 view .LVU33
 124 0014 0361     		str	r3, [r0, #16]
  77:Core/Src/usart.c ****   huart2.Init.Mode = UART_MODE_TX_RX;
 125              		.loc 1 77 3 is_stmt 1 view .LVU34
 126              		.loc 1 77 20 is_stmt 0 view .LVU35
 127 0016 0C22     		movs	r2, #12
 128 0018 4261     		str	r2, [r0, #20]
  78:Core/Src/usart.c ****   huart2.Init.HwFlowCtl = UART_HWCONTROL_NONE;
 129              		.loc 1 78 3 is_stmt 1 view .LVU36
 130              		.loc 1 78 25 is_stmt 0 view .LVU37
 131 001a 8361     		str	r3, [r0, #24]
  79:Core/Src/usart.c ****   huart2.Init.OverSampling = UART_OVERSAMPLING_16;
 132              		.loc 1 79 3 is_stmt 1 view .LVU38
 133              		.loc 1 79 28 is_stmt 0 view .LVU39
 134 001c C361     		str	r3, [r0, #28]
  80:Core/Src/usart.c ****   if (HAL_UART_Init(&huart2) != HAL_OK)
 135              		.loc 1 80 3 is_stmt 1 view .LVU40
 136              		.loc 1 80 7 is_stmt 0 view .LVU41
 137 001e FFF7FEFF 		bl	HAL_UART_Init
 138              	.LVL2:
 139              		.loc 1 80 6 discriminator 1 view .LVU42
 140 0022 00B9     		cbnz	r0, .L10
 141              	.L7:
  81:Core/Src/usart.c ****   {
  82:Core/Src/usart.c ****     Error_Handler();
  83:Core/Src/usart.c ****   }
  84:Core/Src/usart.c ****   /* USER CODE BEGIN USART2_Init 2 */
  85:Core/Src/usart.c **** 
  86:Core/Src/usart.c ****   /* USER CODE END USART2_Init 2 */
  87:Core/Src/usart.c **** 
  88:Core/Src/usart.c **** }
 142              		.loc 1 88 1 view .LVU43
ARM GAS  C:\Users\XUCHEN~1\AppData\Local\Temp\ccgJhmMU.s 			page 5


 143 0024 08BD     		pop	{r3, pc}
 144              	.L10:
  82:Core/Src/usart.c ****   }
 145              		.loc 1 82 5 is_stmt 1 view .LVU44
 146 0026 FFF7FEFF 		bl	Error_Handler
 147              	.LVL3:
 148              		.loc 1 88 1 is_stmt 0 view .LVU45
 149 002a FBE7     		b	.L7
 150              	.L12:
 151              		.align	2
 152              	.L11:
 153 002c 00000000 		.word	huart2
 154 0030 00440040 		.word	1073759232
 155              		.cfi_endproc
 156              	.LFE66:
 158              		.section	.text.MX_USART3_UART_Init,"ax",%progbits
 159              		.align	1
 160              		.global	MX_USART3_UART_Init
 161              		.syntax unified
 162              		.thumb
 163              		.thumb_func
 165              	MX_USART3_UART_Init:
 166              	.LFB67:
  89:Core/Src/usart.c **** /* USART3 init function */
  90:Core/Src/usart.c **** 
  91:Core/Src/usart.c **** void MX_USART3_UART_Init(void)
  92:Core/Src/usart.c **** {
 167              		.loc 1 92 1 is_stmt 1 view -0
 168              		.cfi_startproc
 169              		@ args = 0, pretend = 0, frame = 0
 170              		@ frame_needed = 0, uses_anonymous_args = 0
 171 0000 08B5     		push	{r3, lr}
 172              	.LCFI2:
 173              		.cfi_def_cfa_offset 8
 174              		.cfi_offset 3, -8
 175              		.cfi_offset 14, -4
  93:Core/Src/usart.c **** 
  94:Core/Src/usart.c ****   /* USER CODE BEGIN USART3_Init 0 */
  95:Core/Src/usart.c **** 
  96:Core/Src/usart.c ****   /* USER CODE END USART3_Init 0 */
  97:Core/Src/usart.c **** 
  98:Core/Src/usart.c ****   /* USER CODE BEGIN USART3_Init 1 */
  99:Core/Src/usart.c **** 
 100:Core/Src/usart.c ****   /* USER CODE END USART3_Init 1 */
 101:Core/Src/usart.c ****   huart3.Instance = USART3;
 176              		.loc 1 101 3 view .LVU47
 177              		.loc 1 101 19 is_stmt 0 view .LVU48
 178 0002 0A48     		ldr	r0, .L17
 179 0004 0A4B     		ldr	r3, .L17+4
 180 0006 0360     		str	r3, [r0]
 102:Core/Src/usart.c ****   huart3.Init.BaudRate = 115200;
 181              		.loc 1 102 3 is_stmt 1 view .LVU49
 182              		.loc 1 102 24 is_stmt 0 view .LVU50
 183 0008 4FF4E133 		mov	r3, #115200
 184 000c 4360     		str	r3, [r0, #4]
 103:Core/Src/usart.c ****   huart3.Init.WordLength = UART_WORDLENGTH_8B;
 185              		.loc 1 103 3 is_stmt 1 view .LVU51
ARM GAS  C:\Users\XUCHEN~1\AppData\Local\Temp\ccgJhmMU.s 			page 6


 186              		.loc 1 103 26 is_stmt 0 view .LVU52
 187 000e 0023     		movs	r3, #0
 188 0010 8360     		str	r3, [r0, #8]
 104:Core/Src/usart.c ****   huart3.Init.StopBits = UART_STOPBITS_1;
 189              		.loc 1 104 3 is_stmt 1 view .LVU53
 190              		.loc 1 104 24 is_stmt 0 view .LVU54
 191 0012 C360     		str	r3, [r0, #12]
 105:Core/Src/usart.c ****   huart3.Init.Parity = UART_PARITY_NONE;
 192              		.loc 1 105 3 is_stmt 1 view .LVU55
 193              		.loc 1 105 22 is_stmt 0 view .LVU56
 194 0014 0361     		str	r3, [r0, #16]
 106:Core/Src/usart.c ****   huart3.Init.Mode = UART_MODE_TX_RX;
 195              		.loc 1 106 3 is_stmt 1 view .LVU57
 196              		.loc 1 106 20 is_stmt 0 view .LVU58
 197 0016 0C22     		movs	r2, #12
 198 0018 4261     		str	r2, [r0, #20]
 107:Core/Src/usart.c ****   huart3.Init.HwFlowCtl = UART_HWCONTROL_NONE;
 199              		.loc 1 107 3 is_stmt 1 view .LVU59
 200              		.loc 1 107 25 is_stmt 0 view .LVU60
 201 001a 8361     		str	r3, [r0, #24]
 108:Core/Src/usart.c ****   huart3.Init.OverSampling = UART_OVERSAMPLING_16;
 202              		.loc 1 108 3 is_stmt 1 view .LVU61
 203              		.loc 1 108 28 is_stmt 0 view .LVU62
 204 001c C361     		str	r3, [r0, #28]
 109:Core/Src/usart.c ****   if (HAL_UART_Init(&huart3) != HAL_OK)
 205              		.loc 1 109 3 is_stmt 1 view .LVU63
 206              		.loc 1 109 7 is_stmt 0 view .LVU64
 207 001e FFF7FEFF 		bl	HAL_UART_Init
 208              	.LVL4:
 209              		.loc 1 109 6 discriminator 1 view .LVU65
 210 0022 00B9     		cbnz	r0, .L16
 211              	.L13:
 110:Core/Src/usart.c ****   {
 111:Core/Src/usart.c ****     Error_Handler();
 112:Core/Src/usart.c ****   }
 113:Core/Src/usart.c ****   /* USER CODE BEGIN USART3_Init 2 */
 114:Core/Src/usart.c **** 
 115:Core/Src/usart.c ****   /* USER CODE END USART3_Init 2 */
 116:Core/Src/usart.c **** 
 117:Core/Src/usart.c **** }
 212              		.loc 1 117 1 view .LVU66
 213 0024 08BD     		pop	{r3, pc}
 214              	.L16:
 111:Core/Src/usart.c ****   }
 215              		.loc 1 111 5 is_stmt 1 view .LVU67
 216 0026 FFF7FEFF 		bl	Error_Handler
 217              	.LVL5:
 218              		.loc 1 117 1 is_stmt 0 view .LVU68
 219 002a FBE7     		b	.L13
 220              	.L18:
 221              		.align	2
 222              	.L17:
 223 002c 00000000 		.word	huart3
 224 0030 00480040 		.word	1073760256
 225              		.cfi_endproc
 226              	.LFE67:
 228              		.section	.text.HAL_UART_MspInit,"ax",%progbits
ARM GAS  C:\Users\XUCHEN~1\AppData\Local\Temp\ccgJhmMU.s 			page 7


 229              		.align	1
 230              		.global	HAL_UART_MspInit
 231              		.syntax unified
 232              		.thumb
 233              		.thumb_func
 235              	HAL_UART_MspInit:
 236              	.LVL6:
 237              	.LFB68:
 118:Core/Src/usart.c **** 
 119:Core/Src/usart.c **** void HAL_UART_MspInit(UART_HandleTypeDef* uartHandle)
 120:Core/Src/usart.c **** {
 238              		.loc 1 120 1 is_stmt 1 view -0
 239              		.cfi_startproc
 240              		@ args = 0, pretend = 0, frame = 40
 241              		@ frame_needed = 0, uses_anonymous_args = 0
 242              		.loc 1 120 1 is_stmt 0 view .LVU70
 243 0000 00B5     		push	{lr}
 244              	.LCFI3:
 245              		.cfi_def_cfa_offset 4
 246              		.cfi_offset 14, -4
 247 0002 8BB0     		sub	sp, sp, #44
 248              	.LCFI4:
 249              		.cfi_def_cfa_offset 48
 121:Core/Src/usart.c **** 
 122:Core/Src/usart.c ****   GPIO_InitTypeDef GPIO_InitStruct = {0};
 250              		.loc 1 122 3 is_stmt 1 view .LVU71
 251              		.loc 1 122 20 is_stmt 0 view .LVU72
 252 0004 0023     		movs	r3, #0
 253 0006 0693     		str	r3, [sp, #24]
 254 0008 0793     		str	r3, [sp, #28]
 255 000a 0893     		str	r3, [sp, #32]
 256 000c 0993     		str	r3, [sp, #36]
 123:Core/Src/usart.c ****   if(uartHandle->Instance==USART1)
 257              		.loc 1 123 3 is_stmt 1 view .LVU73
 258              		.loc 1 123 16 is_stmt 0 view .LVU74
 259 000e 0368     		ldr	r3, [r0]
 260              		.loc 1 123 5 view .LVU75
 261 0010 4A4A     		ldr	r2, .L27
 262 0012 9342     		cmp	r3, r2
 263 0014 07D0     		beq	.L24
 124:Core/Src/usart.c ****   {
 125:Core/Src/usart.c ****   /* USER CODE BEGIN USART1_MspInit 0 */
 126:Core/Src/usart.c **** 
 127:Core/Src/usart.c ****   /* USER CODE END USART1_MspInit 0 */
 128:Core/Src/usart.c ****     /* USART1 clock enable */
 129:Core/Src/usart.c ****     __HAL_RCC_USART1_CLK_ENABLE();
 130:Core/Src/usart.c **** 
 131:Core/Src/usart.c ****     __HAL_RCC_GPIOA_CLK_ENABLE();
 132:Core/Src/usart.c ****     /**USART1 GPIO Configuration
 133:Core/Src/usart.c ****     PA9     ------> USART1_TX
 134:Core/Src/usart.c ****     PA10     ------> USART1_RX
 135:Core/Src/usart.c ****     */
 136:Core/Src/usart.c ****     GPIO_InitStruct.Pin = GPIO_PIN_9;
 137:Core/Src/usart.c ****     GPIO_InitStruct.Mode = GPIO_MODE_AF_PP;
 138:Core/Src/usart.c ****     GPIO_InitStruct.Speed = GPIO_SPEED_FREQ_HIGH;
 139:Core/Src/usart.c ****     HAL_GPIO_Init(GPIOA, &GPIO_InitStruct);
 140:Core/Src/usart.c **** 
ARM GAS  C:\Users\XUCHEN~1\AppData\Local\Temp\ccgJhmMU.s 			page 8


 141:Core/Src/usart.c ****     GPIO_InitStruct.Pin = GPIO_PIN_10;
 142:Core/Src/usart.c ****     GPIO_InitStruct.Mode = GPIO_MODE_INPUT;
 143:Core/Src/usart.c ****     GPIO_InitStruct.Pull = GPIO_NOPULL;
 144:Core/Src/usart.c ****     HAL_GPIO_Init(GPIOA, &GPIO_InitStruct);
 145:Core/Src/usart.c **** 
 146:Core/Src/usart.c ****     /* USART1 interrupt Init */
 147:Core/Src/usart.c ****     HAL_NVIC_SetPriority(USART1_IRQn, 0, 0);
 148:Core/Src/usart.c ****     HAL_NVIC_EnableIRQ(USART1_IRQn);
 149:Core/Src/usart.c ****   /* USER CODE BEGIN USART1_MspInit 1 */
 150:Core/Src/usart.c **** 
 151:Core/Src/usart.c ****   /* USER CODE END USART1_MspInit 1 */
 152:Core/Src/usart.c ****   }
 153:Core/Src/usart.c ****   else if(uartHandle->Instance==USART2)
 264              		.loc 1 153 8 is_stmt 1 view .LVU76
 265              		.loc 1 153 10 is_stmt 0 view .LVU77
 266 0016 4A4A     		ldr	r2, .L27+4
 267 0018 9342     		cmp	r3, r2
 268 001a 35D0     		beq	.L25
 154:Core/Src/usart.c ****   {
 155:Core/Src/usart.c ****   /* USER CODE BEGIN USART2_MspInit 0 */
 156:Core/Src/usart.c **** 
 157:Core/Src/usart.c ****   /* USER CODE END USART2_MspInit 0 */
 158:Core/Src/usart.c ****     /* USART2 clock enable */
 159:Core/Src/usart.c ****     __HAL_RCC_USART2_CLK_ENABLE();
 160:Core/Src/usart.c **** 
 161:Core/Src/usart.c ****     __HAL_RCC_GPIOA_CLK_ENABLE();
 162:Core/Src/usart.c ****     /**USART2 GPIO Configuration
 163:Core/Src/usart.c ****     PA2     ------> USART2_TX
 164:Core/Src/usart.c ****     PA3     ------> USART2_RX
 165:Core/Src/usart.c ****     */
 166:Core/Src/usart.c ****     GPIO_InitStruct.Pin = GPIO_PIN_2;
 167:Core/Src/usart.c ****     GPIO_InitStruct.Mode = GPIO_MODE_AF_PP;
 168:Core/Src/usart.c ****     GPIO_InitStruct.Speed = GPIO_SPEED_FREQ_HIGH;
 169:Core/Src/usart.c ****     HAL_GPIO_Init(GPIOA, &GPIO_InitStruct);
 170:Core/Src/usart.c **** 
 171:Core/Src/usart.c ****     GPIO_InitStruct.Pin = GPIO_PIN_3;
 172:Core/Src/usart.c ****     GPIO_InitStruct.Mode = GPIO_MODE_INPUT;
 173:Core/Src/usart.c ****     GPIO_InitStruct.Pull = GPIO_NOPULL;
 174:Core/Src/usart.c ****     HAL_GPIO_Init(GPIOA, &GPIO_InitStruct);
 175:Core/Src/usart.c **** 
 176:Core/Src/usart.c ****   /* USER CODE BEGIN USART2_MspInit 1 */
 177:Core/Src/usart.c **** 
 178:Core/Src/usart.c ****   /* USER CODE END USART2_MspInit 1 */
 179:Core/Src/usart.c ****   }
 180:Core/Src/usart.c ****   else if(uartHandle->Instance==USART3)
 269              		.loc 1 180 8 is_stmt 1 view .LVU78
 270              		.loc 1 180 10 is_stmt 0 view .LVU79
 271 001c 494A     		ldr	r2, .L27+8
 272 001e 9342     		cmp	r3, r2
 273 0020 59D0     		beq	.L26
 274              	.LVL7:
 275              	.L19:
 181:Core/Src/usart.c ****   {
 182:Core/Src/usart.c ****   /* USER CODE BEGIN USART3_MspInit 0 */
 183:Core/Src/usart.c **** 
 184:Core/Src/usart.c ****   /* USER CODE END USART3_MspInit 0 */
 185:Core/Src/usart.c ****     /* USART3 clock enable */
ARM GAS  C:\Users\XUCHEN~1\AppData\Local\Temp\ccgJhmMU.s 			page 9


 186:Core/Src/usart.c ****     __HAL_RCC_USART3_CLK_ENABLE();
 187:Core/Src/usart.c **** 
 188:Core/Src/usart.c ****     __HAL_RCC_GPIOC_CLK_ENABLE();
 189:Core/Src/usart.c ****     /**USART3 GPIO Configuration
 190:Core/Src/usart.c ****     PC10     ------> USART3_TX
 191:Core/Src/usart.c ****     PC11     ------> USART3_RX
 192:Core/Src/usart.c ****     */
 193:Core/Src/usart.c ****     GPIO_InitStruct.Pin = GPIO_PIN_10;
 194:Core/Src/usart.c ****     GPIO_InitStruct.Mode = GPIO_MODE_AF_PP;
 195:Core/Src/usart.c ****     GPIO_InitStruct.Speed = GPIO_SPEED_FREQ_HIGH;
 196:Core/Src/usart.c ****     HAL_GPIO_Init(GPIOC, &GPIO_InitStruct);
 197:Core/Src/usart.c **** 
 198:Core/Src/usart.c ****     GPIO_InitStruct.Pin = GPIO_PIN_11;
 199:Core/Src/usart.c ****     GPIO_InitStruct.Mode = GPIO_MODE_INPUT;
 200:Core/Src/usart.c ****     GPIO_InitStruct.Pull = GPIO_NOPULL;
 201:Core/Src/usart.c ****     HAL_GPIO_Init(GPIOC, &GPIO_InitStruct);
 202:Core/Src/usart.c **** 
 203:Core/Src/usart.c ****     __HAL_AFIO_REMAP_USART3_PARTIAL();
 204:Core/Src/usart.c **** 
 205:Core/Src/usart.c ****   /* USER CODE BEGIN USART3_MspInit 1 */
 206:Core/Src/usart.c **** 
 207:Core/Src/usart.c ****   /* USER CODE END USART3_MspInit 1 */
 208:Core/Src/usart.c ****   }
 209:Core/Src/usart.c **** }
 276              		.loc 1 209 1 view .LVU80
 277 0022 0BB0     		add	sp, sp, #44
 278              	.LCFI5:
 279              		.cfi_remember_state
 280              		.cfi_def_cfa_offset 4
 281              		@ sp needed
 282 0024 00BD     		pop	{pc}
 283              	.LVL8:
 284              	.L24:
 285              	.LCFI6:
 286              		.cfi_restore_state
 129:Core/Src/usart.c **** 
 287              		.loc 1 129 5 is_stmt 1 view .LVU81
 288              	.LBB2:
 129:Core/Src/usart.c **** 
 289              		.loc 1 129 5 view .LVU82
 129:Core/Src/usart.c **** 
 290              		.loc 1 129 5 view .LVU83
 291 0026 484B     		ldr	r3, .L27+12
 292 0028 9A69     		ldr	r2, [r3, #24]
 293 002a 42F48042 		orr	r2, r2, #16384
 294 002e 9A61     		str	r2, [r3, #24]
 129:Core/Src/usart.c **** 
 295              		.loc 1 129 5 view .LVU84
 296 0030 9A69     		ldr	r2, [r3, #24]
 297 0032 02F48042 		and	r2, r2, #16384
 298 0036 0092     		str	r2, [sp]
 129:Core/Src/usart.c **** 
 299              		.loc 1 129 5 view .LVU85
 300 0038 009A     		ldr	r2, [sp]
 301              	.LBE2:
 129:Core/Src/usart.c **** 
 302              		.loc 1 129 5 view .LVU86
ARM GAS  C:\Users\XUCHEN~1\AppData\Local\Temp\ccgJhmMU.s 			page 10


 131:Core/Src/usart.c ****     /**USART1 GPIO Configuration
 303              		.loc 1 131 5 view .LVU87
 304              	.LBB3:
 131:Core/Src/usart.c ****     /**USART1 GPIO Configuration
 305              		.loc 1 131 5 view .LVU88
 131:Core/Src/usart.c ****     /**USART1 GPIO Configuration
 306              		.loc 1 131 5 view .LVU89
 307 003a 9A69     		ldr	r2, [r3, #24]
 308 003c 42F00402 		orr	r2, r2, #4
 309 0040 9A61     		str	r2, [r3, #24]
 131:Core/Src/usart.c ****     /**USART1 GPIO Configuration
 310              		.loc 1 131 5 view .LVU90
 311 0042 9B69     		ldr	r3, [r3, #24]
 312 0044 03F00403 		and	r3, r3, #4
 313 0048 0193     		str	r3, [sp, #4]
 131:Core/Src/usart.c ****     /**USART1 GPIO Configuration
 314              		.loc 1 131 5 view .LVU91
 315 004a 019B     		ldr	r3, [sp, #4]
 316              	.LBE3:
 131:Core/Src/usart.c ****     /**USART1 GPIO Configuration
 317              		.loc 1 131 5 view .LVU92
 136:Core/Src/usart.c ****     GPIO_InitStruct.Mode = GPIO_MODE_AF_PP;
 318              		.loc 1 136 5 view .LVU93
 136:Core/Src/usart.c ****     GPIO_InitStruct.Mode = GPIO_MODE_AF_PP;
 319              		.loc 1 136 25 is_stmt 0 view .LVU94
 320 004c 4FF40073 		mov	r3, #512
 321 0050 0693     		str	r3, [sp, #24]
 137:Core/Src/usart.c ****     GPIO_InitStruct.Speed = GPIO_SPEED_FREQ_HIGH;
 322              		.loc 1 137 5 is_stmt 1 view .LVU95
 137:Core/Src/usart.c ****     GPIO_InitStruct.Speed = GPIO_SPEED_FREQ_HIGH;
 323              		.loc 1 137 26 is_stmt 0 view .LVU96
 324 0052 0223     		movs	r3, #2
 325 0054 0793     		str	r3, [sp, #28]
 138:Core/Src/usart.c ****     HAL_GPIO_Init(GPIOA, &GPIO_InitStruct);
 326              		.loc 1 138 5 is_stmt 1 view .LVU97
 138:Core/Src/usart.c ****     HAL_GPIO_Init(GPIOA, &GPIO_InitStruct);
 327              		.loc 1 138 27 is_stmt 0 view .LVU98
 328 0056 0323     		movs	r3, #3
 329 0058 0993     		str	r3, [sp, #36]
 139:Core/Src/usart.c **** 
 330              		.loc 1 139 5 is_stmt 1 view .LVU99
 331 005a 06A9     		add	r1, sp, #24
 332 005c 3B48     		ldr	r0, .L27+16
 333              	.LVL9:
 139:Core/Src/usart.c **** 
 334              		.loc 1 139 5 is_stmt 0 view .LVU100
 335 005e FFF7FEFF 		bl	HAL_GPIO_Init
 336              	.LVL10:
 141:Core/Src/usart.c ****     GPIO_InitStruct.Mode = GPIO_MODE_INPUT;
 337              		.loc 1 141 5 is_stmt 1 view .LVU101
 141:Core/Src/usart.c ****     GPIO_InitStruct.Mode = GPIO_MODE_INPUT;
 338              		.loc 1 141 25 is_stmt 0 view .LVU102
 339 0062 4FF48063 		mov	r3, #1024
 340 0066 0693     		str	r3, [sp, #24]
 142:Core/Src/usart.c ****     GPIO_InitStruct.Pull = GPIO_NOPULL;
 341              		.loc 1 142 5 is_stmt 1 view .LVU103
 142:Core/Src/usart.c ****     GPIO_InitStruct.Pull = GPIO_NOPULL;
ARM GAS  C:\Users\XUCHEN~1\AppData\Local\Temp\ccgJhmMU.s 			page 11


 342              		.loc 1 142 26 is_stmt 0 view .LVU104
 343 0068 0023     		movs	r3, #0
 344 006a 0793     		str	r3, [sp, #28]
 143:Core/Src/usart.c ****     HAL_GPIO_Init(GPIOA, &GPIO_InitStruct);
 345              		.loc 1 143 5 is_stmt 1 view .LVU105
 143:Core/Src/usart.c ****     HAL_GPIO_Init(GPIOA, &GPIO_InitStruct);
 346              		.loc 1 143 26 is_stmt 0 view .LVU106
 347 006c 0893     		str	r3, [sp, #32]
 144:Core/Src/usart.c **** 
 348              		.loc 1 144 5 is_stmt 1 view .LVU107
 349 006e 06A9     		add	r1, sp, #24
 350 0070 3648     		ldr	r0, .L27+16
 351 0072 FFF7FEFF 		bl	HAL_GPIO_Init
 352              	.LVL11:
 147:Core/Src/usart.c ****     HAL_NVIC_EnableIRQ(USART1_IRQn);
 353              		.loc 1 147 5 view .LVU108
 354 0076 0022     		movs	r2, #0
 355 0078 1146     		mov	r1, r2
 356 007a 2520     		movs	r0, #37
 357 007c FFF7FEFF 		bl	HAL_NVIC_SetPriority
 358              	.LVL12:
 148:Core/Src/usart.c ****   /* USER CODE BEGIN USART1_MspInit 1 */
 359              		.loc 1 148 5 view .LVU109
 360 0080 2520     		movs	r0, #37
 361 0082 FFF7FEFF 		bl	HAL_NVIC_EnableIRQ
 362              	.LVL13:
 363 0086 CCE7     		b	.L19
 364              	.LVL14:
 365              	.L25:
 159:Core/Src/usart.c **** 
 366              		.loc 1 159 5 view .LVU110
 367              	.LBB4:
 159:Core/Src/usart.c **** 
 368              		.loc 1 159 5 view .LVU111
 159:Core/Src/usart.c **** 
 369              		.loc 1 159 5 view .LVU112
 370 0088 2F4B     		ldr	r3, .L27+12
 371 008a DA69     		ldr	r2, [r3, #28]
 372 008c 42F40032 		orr	r2, r2, #131072
 373 0090 DA61     		str	r2, [r3, #28]
 159:Core/Src/usart.c **** 
 374              		.loc 1 159 5 view .LVU113
 375 0092 DA69     		ldr	r2, [r3, #28]
 376 0094 02F40032 		and	r2, r2, #131072
 377 0098 0292     		str	r2, [sp, #8]
 159:Core/Src/usart.c **** 
 378              		.loc 1 159 5 view .LVU114
 379 009a 029A     		ldr	r2, [sp, #8]
 380              	.LBE4:
 159:Core/Src/usart.c **** 
 381              		.loc 1 159 5 view .LVU115
 161:Core/Src/usart.c ****     /**USART2 GPIO Configuration
 382              		.loc 1 161 5 view .LVU116
 383              	.LBB5:
 161:Core/Src/usart.c ****     /**USART2 GPIO Configuration
 384              		.loc 1 161 5 view .LVU117
 161:Core/Src/usart.c ****     /**USART2 GPIO Configuration
ARM GAS  C:\Users\XUCHEN~1\AppData\Local\Temp\ccgJhmMU.s 			page 12


 385              		.loc 1 161 5 view .LVU118
 386 009c 9A69     		ldr	r2, [r3, #24]
 387 009e 42F00402 		orr	r2, r2, #4
 388 00a2 9A61     		str	r2, [r3, #24]
 161:Core/Src/usart.c ****     /**USART2 GPIO Configuration
 389              		.loc 1 161 5 view .LVU119
 390 00a4 9B69     		ldr	r3, [r3, #24]
 391 00a6 03F00403 		and	r3, r3, #4
 392 00aa 0393     		str	r3, [sp, #12]
 161:Core/Src/usart.c ****     /**USART2 GPIO Configuration
 393              		.loc 1 161 5 view .LVU120
 394 00ac 039B     		ldr	r3, [sp, #12]
 395              	.LBE5:
 161:Core/Src/usart.c ****     /**USART2 GPIO Configuration
 396              		.loc 1 161 5 view .LVU121
 166:Core/Src/usart.c ****     GPIO_InitStruct.Mode = GPIO_MODE_AF_PP;
 397              		.loc 1 166 5 view .LVU122
 166:Core/Src/usart.c ****     GPIO_InitStruct.Mode = GPIO_MODE_AF_PP;
 398              		.loc 1 166 25 is_stmt 0 view .LVU123
 399 00ae 0423     		movs	r3, #4
 400 00b0 0693     		str	r3, [sp, #24]
 167:Core/Src/usart.c ****     GPIO_InitStruct.Speed = GPIO_SPEED_FREQ_HIGH;
 401              		.loc 1 167 5 is_stmt 1 view .LVU124
 167:Core/Src/usart.c ****     GPIO_InitStruct.Speed = GPIO_SPEED_FREQ_HIGH;
 402              		.loc 1 167 26 is_stmt 0 view .LVU125
 403 00b2 0223     		movs	r3, #2
 404 00b4 0793     		str	r3, [sp, #28]
 168:Core/Src/usart.c ****     HAL_GPIO_Init(GPIOA, &GPIO_InitStruct);
 405              		.loc 1 168 5 is_stmt 1 view .LVU126
 168:Core/Src/usart.c ****     HAL_GPIO_Init(GPIOA, &GPIO_InitStruct);
 406              		.loc 1 168 27 is_stmt 0 view .LVU127
 407 00b6 0323     		movs	r3, #3
 408 00b8 0993     		str	r3, [sp, #36]
 169:Core/Src/usart.c **** 
 409              		.loc 1 169 5 is_stmt 1 view .LVU128
 410 00ba 06A9     		add	r1, sp, #24
 411 00bc 2348     		ldr	r0, .L27+16
 412              	.LVL15:
 169:Core/Src/usart.c **** 
 413              		.loc 1 169 5 is_stmt 0 view .LVU129
 414 00be FFF7FEFF 		bl	HAL_GPIO_Init
 415              	.LVL16:
 171:Core/Src/usart.c ****     GPIO_InitStruct.Mode = GPIO_MODE_INPUT;
 416              		.loc 1 171 5 is_stmt 1 view .LVU130
 171:Core/Src/usart.c ****     GPIO_InitStruct.Mode = GPIO_MODE_INPUT;
 417              		.loc 1 171 25 is_stmt 0 view .LVU131
 418 00c2 0823     		movs	r3, #8
 419 00c4 0693     		str	r3, [sp, #24]
 172:Core/Src/usart.c ****     GPIO_InitStruct.Pull = GPIO_NOPULL;
 420              		.loc 1 172 5 is_stmt 1 view .LVU132
 172:Core/Src/usart.c ****     GPIO_InitStruct.Pull = GPIO_NOPULL;
 421              		.loc 1 172 26 is_stmt 0 view .LVU133
 422 00c6 0023     		movs	r3, #0
 423 00c8 0793     		str	r3, [sp, #28]
 173:Core/Src/usart.c ****     HAL_GPIO_Init(GPIOA, &GPIO_InitStruct);
 424              		.loc 1 173 5 is_stmt 1 view .LVU134
 173:Core/Src/usart.c ****     HAL_GPIO_Init(GPIOA, &GPIO_InitStruct);
ARM GAS  C:\Users\XUCHEN~1\AppData\Local\Temp\ccgJhmMU.s 			page 13


 425              		.loc 1 173 26 is_stmt 0 view .LVU135
 426 00ca 0893     		str	r3, [sp, #32]
 174:Core/Src/usart.c **** 
 427              		.loc 1 174 5 is_stmt 1 view .LVU136
 428 00cc 06A9     		add	r1, sp, #24
 429 00ce 1F48     		ldr	r0, .L27+16
 430 00d0 FFF7FEFF 		bl	HAL_GPIO_Init
 431              	.LVL17:
 432 00d4 A5E7     		b	.L19
 433              	.LVL18:
 434              	.L26:
 186:Core/Src/usart.c **** 
 435              		.loc 1 186 5 view .LVU137
 436              	.LBB6:
 186:Core/Src/usart.c **** 
 437              		.loc 1 186 5 view .LVU138
 186:Core/Src/usart.c **** 
 438              		.loc 1 186 5 view .LVU139
 439 00d6 1C4B     		ldr	r3, .L27+12
 440 00d8 DA69     		ldr	r2, [r3, #28]
 441 00da 42F48022 		orr	r2, r2, #262144
 442 00de DA61     		str	r2, [r3, #28]
 186:Core/Src/usart.c **** 
 443              		.loc 1 186 5 view .LVU140
 444 00e0 DA69     		ldr	r2, [r3, #28]
 445 00e2 02F48022 		and	r2, r2, #262144
 446 00e6 0492     		str	r2, [sp, #16]
 186:Core/Src/usart.c **** 
 447              		.loc 1 186 5 view .LVU141
 448 00e8 049A     		ldr	r2, [sp, #16]
 449              	.LBE6:
 186:Core/Src/usart.c **** 
 450              		.loc 1 186 5 view .LVU142
 188:Core/Src/usart.c ****     /**USART3 GPIO Configuration
 451              		.loc 1 188 5 view .LVU143
 452              	.LBB7:
 188:Core/Src/usart.c ****     /**USART3 GPIO Configuration
 453              		.loc 1 188 5 view .LVU144
 188:Core/Src/usart.c ****     /**USART3 GPIO Configuration
 454              		.loc 1 188 5 view .LVU145
 455 00ea 9A69     		ldr	r2, [r3, #24]
 456 00ec 42F01002 		orr	r2, r2, #16
 457 00f0 9A61     		str	r2, [r3, #24]
 188:Core/Src/usart.c ****     /**USART3 GPIO Configuration
 458              		.loc 1 188 5 view .LVU146
 459 00f2 9B69     		ldr	r3, [r3, #24]
 460 00f4 03F01003 		and	r3, r3, #16
 461 00f8 0593     		str	r3, [sp, #20]
 188:Core/Src/usart.c ****     /**USART3 GPIO Configuration
 462              		.loc 1 188 5 view .LVU147
 463 00fa 059B     		ldr	r3, [sp, #20]
 464              	.LBE7:
 188:Core/Src/usart.c ****     /**USART3 GPIO Configuration
 465              		.loc 1 188 5 view .LVU148
 193:Core/Src/usart.c ****     GPIO_InitStruct.Mode = GPIO_MODE_AF_PP;
 466              		.loc 1 193 5 view .LVU149
 193:Core/Src/usart.c ****     GPIO_InitStruct.Mode = GPIO_MODE_AF_PP;
ARM GAS  C:\Users\XUCHEN~1\AppData\Local\Temp\ccgJhmMU.s 			page 14


 467              		.loc 1 193 25 is_stmt 0 view .LVU150
 468 00fc 4FF48063 		mov	r3, #1024
 469 0100 0693     		str	r3, [sp, #24]
 194:Core/Src/usart.c ****     GPIO_InitStruct.Speed = GPIO_SPEED_FREQ_HIGH;
 470              		.loc 1 194 5 is_stmt 1 view .LVU151
 194:Core/Src/usart.c ****     GPIO_InitStruct.Speed = GPIO_SPEED_FREQ_HIGH;
 471              		.loc 1 194 26 is_stmt 0 view .LVU152
 472 0102 0223     		movs	r3, #2
 473 0104 0793     		str	r3, [sp, #28]
 195:Core/Src/usart.c ****     HAL_GPIO_Init(GPIOC, &GPIO_InitStruct);
 474              		.loc 1 195 5 is_stmt 1 view .LVU153
 195:Core/Src/usart.c ****     HAL_GPIO_Init(GPIOC, &GPIO_InitStruct);
 475              		.loc 1 195 27 is_stmt 0 view .LVU154
 476 0106 0323     		movs	r3, #3
 477 0108 0993     		str	r3, [sp, #36]
 196:Core/Src/usart.c **** 
 478              		.loc 1 196 5 is_stmt 1 view .LVU155
 479 010a 06A9     		add	r1, sp, #24
 480 010c 1048     		ldr	r0, .L27+20
 481              	.LVL19:
 196:Core/Src/usart.c **** 
 482              		.loc 1 196 5 is_stmt 0 view .LVU156
 483 010e FFF7FEFF 		bl	HAL_GPIO_Init
 484              	.LVL20:
 198:Core/Src/usart.c ****     GPIO_InitStruct.Mode = GPIO_MODE_INPUT;
 485              		.loc 1 198 5 is_stmt 1 view .LVU157
 198:Core/Src/usart.c ****     GPIO_InitStruct.Mode = GPIO_MODE_INPUT;
 486              		.loc 1 198 25 is_stmt 0 view .LVU158
 487 0112 4FF40063 		mov	r3, #2048
 488 0116 0693     		str	r3, [sp, #24]
 199:Core/Src/usart.c ****     GPIO_InitStruct.Pull = GPIO_NOPULL;
 489              		.loc 1 199 5 is_stmt 1 view .LVU159
 199:Core/Src/usart.c ****     GPIO_InitStruct.Pull = GPIO_NOPULL;
 490              		.loc 1 199 26 is_stmt 0 view .LVU160
 491 0118 0023     		movs	r3, #0
 492 011a 0793     		str	r3, [sp, #28]
 200:Core/Src/usart.c ****     HAL_GPIO_Init(GPIOC, &GPIO_InitStruct);
 493              		.loc 1 200 5 is_stmt 1 view .LVU161
 200:Core/Src/usart.c ****     HAL_GPIO_Init(GPIOC, &GPIO_InitStruct);
 494              		.loc 1 200 26 is_stmt 0 view .LVU162
 495 011c 0893     		str	r3, [sp, #32]
 201:Core/Src/usart.c **** 
 496              		.loc 1 201 5 is_stmt 1 view .LVU163
 497 011e 06A9     		add	r1, sp, #24
 498 0120 0B48     		ldr	r0, .L27+20
 499 0122 FFF7FEFF 		bl	HAL_GPIO_Init
 500              	.LVL21:
 203:Core/Src/usart.c **** 
 501              		.loc 1 203 5 view .LVU164
 502              	.LBB8:
 203:Core/Src/usart.c **** 
 503              		.loc 1 203 5 view .LVU165
 504 0126 0B4A     		ldr	r2, .L27+24
 505 0128 5368     		ldr	r3, [r2, #4]
 506              	.LVL22:
 203:Core/Src/usart.c **** 
 507              		.loc 1 203 5 view .LVU166
ARM GAS  C:\Users\XUCHEN~1\AppData\Local\Temp\ccgJhmMU.s 			page 15


 508 012a 23F03003 		bic	r3, r3, #48
 509              	.LVL23:
 203:Core/Src/usart.c **** 
 510              		.loc 1 203 5 view .LVU167
 203:Core/Src/usart.c **** 
 511              		.loc 1 203 5 view .LVU168
 512 012e 43F0E063 		orr	r3, r3, #117440512
 513              	.LVL24:
 203:Core/Src/usart.c **** 
 514              		.loc 1 203 5 is_stmt 0 view .LVU169
 515 0132 43F01003 		orr	r3, r3, #16
 516              	.LVL25:
 203:Core/Src/usart.c **** 
 517              		.loc 1 203 5 is_stmt 1 view .LVU170
 518 0136 5360     		str	r3, [r2, #4]
 519              	.LBE8:
 203:Core/Src/usart.c **** 
 520              		.loc 1 203 5 view .LVU171
 521              		.loc 1 209 1 is_stmt 0 view .LVU172
 522 0138 73E7     		b	.L19
 523              	.L28:
 524 013a 00BF     		.align	2
 525              	.L27:
 526 013c 00380140 		.word	1073821696
 527 0140 00440040 		.word	1073759232
 528 0144 00480040 		.word	1073760256
 529 0148 00100240 		.word	1073876992
 530 014c 00080140 		.word	1073809408
 531 0150 00100140 		.word	1073811456
 532 0154 00000140 		.word	1073807360
 533              		.cfi_endproc
 534              	.LFE68:
 536              		.section	.text.HAL_UART_MspDeInit,"ax",%progbits
 537              		.align	1
 538              		.global	HAL_UART_MspDeInit
 539              		.syntax unified
 540              		.thumb
 541              		.thumb_func
 543              	HAL_UART_MspDeInit:
 544              	.LVL26:
 545              	.LFB69:
 210:Core/Src/usart.c **** 
 211:Core/Src/usart.c **** void HAL_UART_MspDeInit(UART_HandleTypeDef* uartHandle)
 212:Core/Src/usart.c **** {
 546              		.loc 1 212 1 is_stmt 1 view -0
 547              		.cfi_startproc
 548              		@ args = 0, pretend = 0, frame = 0
 549              		@ frame_needed = 0, uses_anonymous_args = 0
 550              		.loc 1 212 1 is_stmt 0 view .LVU174
 551 0000 08B5     		push	{r3, lr}
 552              	.LCFI7:
 553              		.cfi_def_cfa_offset 8
 554              		.cfi_offset 3, -8
 555              		.cfi_offset 14, -4
 213:Core/Src/usart.c **** 
 214:Core/Src/usart.c ****   if(uartHandle->Instance==USART1)
 556              		.loc 1 214 3 is_stmt 1 view .LVU175
ARM GAS  C:\Users\XUCHEN~1\AppData\Local\Temp\ccgJhmMU.s 			page 16


 557              		.loc 1 214 16 is_stmt 0 view .LVU176
 558 0002 0368     		ldr	r3, [r0]
 559              		.loc 1 214 5 view .LVU177
 560 0004 174A     		ldr	r2, .L37
 561 0006 9342     		cmp	r3, r2
 562 0008 06D0     		beq	.L34
 215:Core/Src/usart.c ****   {
 216:Core/Src/usart.c ****   /* USER CODE BEGIN USART1_MspDeInit 0 */
 217:Core/Src/usart.c **** 
 218:Core/Src/usart.c ****   /* USER CODE END USART1_MspDeInit 0 */
 219:Core/Src/usart.c ****     /* Peripheral clock disable */
 220:Core/Src/usart.c ****     __HAL_RCC_USART1_CLK_DISABLE();
 221:Core/Src/usart.c **** 
 222:Core/Src/usart.c ****     /**USART1 GPIO Configuration
 223:Core/Src/usart.c ****     PA9     ------> USART1_TX
 224:Core/Src/usart.c ****     PA10     ------> USART1_RX
 225:Core/Src/usart.c ****     */
 226:Core/Src/usart.c ****     HAL_GPIO_DeInit(GPIOA, GPIO_PIN_9|GPIO_PIN_10);
 227:Core/Src/usart.c **** 
 228:Core/Src/usart.c ****     /* USART1 interrupt Deinit */
 229:Core/Src/usart.c ****     HAL_NVIC_DisableIRQ(USART1_IRQn);
 230:Core/Src/usart.c ****   /* USER CODE BEGIN USART1_MspDeInit 1 */
 231:Core/Src/usart.c **** 
 232:Core/Src/usart.c ****   /* USER CODE END USART1_MspDeInit 1 */
 233:Core/Src/usart.c ****   }
 234:Core/Src/usart.c ****   else if(uartHandle->Instance==USART2)
 563              		.loc 1 234 8 is_stmt 1 view .LVU178
 564              		.loc 1 234 10 is_stmt 0 view .LVU179
 565 000a 174A     		ldr	r2, .L37+4
 566 000c 9342     		cmp	r3, r2
 567 000e 12D0     		beq	.L35
 235:Core/Src/usart.c ****   {
 236:Core/Src/usart.c ****   /* USER CODE BEGIN USART2_MspDeInit 0 */
 237:Core/Src/usart.c **** 
 238:Core/Src/usart.c ****   /* USER CODE END USART2_MspDeInit 0 */
 239:Core/Src/usart.c ****     /* Peripheral clock disable */
 240:Core/Src/usart.c ****     __HAL_RCC_USART2_CLK_DISABLE();
 241:Core/Src/usart.c **** 
 242:Core/Src/usart.c ****     /**USART2 GPIO Configuration
 243:Core/Src/usart.c ****     PA2     ------> USART2_TX
 244:Core/Src/usart.c ****     PA3     ------> USART2_RX
 245:Core/Src/usart.c ****     */
 246:Core/Src/usart.c ****     HAL_GPIO_DeInit(GPIOA, GPIO_PIN_2|GPIO_PIN_3);
 247:Core/Src/usart.c **** 
 248:Core/Src/usart.c ****   /* USER CODE BEGIN USART2_MspDeInit 1 */
 249:Core/Src/usart.c **** 
 250:Core/Src/usart.c ****   /* USER CODE END USART2_MspDeInit 1 */
 251:Core/Src/usart.c ****   }
 252:Core/Src/usart.c ****   else if(uartHandle->Instance==USART3)
 568              		.loc 1 252 8 is_stmt 1 view .LVU180
 569              		.loc 1 252 10 is_stmt 0 view .LVU181
 570 0010 164A     		ldr	r2, .L37+8
 571 0012 9342     		cmp	r3, r2
 572 0014 1AD0     		beq	.L36
 573              	.LVL27:
 574              	.L29:
 253:Core/Src/usart.c ****   {
ARM GAS  C:\Users\XUCHEN~1\AppData\Local\Temp\ccgJhmMU.s 			page 17


 254:Core/Src/usart.c ****   /* USER CODE BEGIN USART3_MspDeInit 0 */
 255:Core/Src/usart.c **** 
 256:Core/Src/usart.c ****   /* USER CODE END USART3_MspDeInit 0 */
 257:Core/Src/usart.c ****     /* Peripheral clock disable */
 258:Core/Src/usart.c ****     __HAL_RCC_USART3_CLK_DISABLE();
 259:Core/Src/usart.c **** 
 260:Core/Src/usart.c ****     /**USART3 GPIO Configuration
 261:Core/Src/usart.c ****     PC10     ------> USART3_TX
 262:Core/Src/usart.c ****     PC11     ------> USART3_RX
 263:Core/Src/usart.c ****     */
 264:Core/Src/usart.c ****     HAL_GPIO_DeInit(GPIOC, GPIO_PIN_10|GPIO_PIN_11);
 265:Core/Src/usart.c **** 
 266:Core/Src/usart.c ****   /* USER CODE BEGIN USART3_MspDeInit 1 */
 267:Core/Src/usart.c **** 
 268:Core/Src/usart.c ****   /* USER CODE END USART3_MspDeInit 1 */
 269:Core/Src/usart.c ****   }
 270:Core/Src/usart.c **** }
 575              		.loc 1 270 1 view .LVU182
 576 0016 08BD     		pop	{r3, pc}
 577              	.LVL28:
 578              	.L34:
 220:Core/Src/usart.c **** 
 579              		.loc 1 220 5 is_stmt 1 view .LVU183
 580 0018 02F55842 		add	r2, r2, #55296
 581 001c 9369     		ldr	r3, [r2, #24]
 582 001e 23F48043 		bic	r3, r3, #16384
 583 0022 9361     		str	r3, [r2, #24]
 226:Core/Src/usart.c **** 
 584              		.loc 1 226 5 view .LVU184
 585 0024 4FF4C061 		mov	r1, #1536
 586 0028 1148     		ldr	r0, .L37+12
 587              	.LVL29:
 226:Core/Src/usart.c **** 
 588              		.loc 1 226 5 is_stmt 0 view .LVU185
 589 002a FFF7FEFF 		bl	HAL_GPIO_DeInit
 590              	.LVL30:
 229:Core/Src/usart.c ****   /* USER CODE BEGIN USART1_MspDeInit 1 */
 591              		.loc 1 229 5 is_stmt 1 view .LVU186
 592 002e 2520     		movs	r0, #37
 593 0030 FFF7FEFF 		bl	HAL_NVIC_DisableIRQ
 594              	.LVL31:
 595 0034 EFE7     		b	.L29
 596              	.LVL32:
 597              	.L35:
 240:Core/Src/usart.c **** 
 598              		.loc 1 240 5 view .LVU187
 599 0036 02F5E632 		add	r2, r2, #117760
 600 003a D369     		ldr	r3, [r2, #28]
 601 003c 23F40033 		bic	r3, r3, #131072
 602 0040 D361     		str	r3, [r2, #28]
 246:Core/Src/usart.c **** 
 603              		.loc 1 246 5 view .LVU188
 604 0042 0C21     		movs	r1, #12
 605 0044 0A48     		ldr	r0, .L37+12
 606              	.LVL33:
 246:Core/Src/usart.c **** 
 607              		.loc 1 246 5 is_stmt 0 view .LVU189
ARM GAS  C:\Users\XUCHEN~1\AppData\Local\Temp\ccgJhmMU.s 			page 18


 608 0046 FFF7FEFF 		bl	HAL_GPIO_DeInit
 609              	.LVL34:
 610 004a E4E7     		b	.L29
 611              	.LVL35:
 612              	.L36:
 258:Core/Src/usart.c **** 
 613              		.loc 1 258 5 is_stmt 1 view .LVU190
 614 004c 02F5E432 		add	r2, r2, #116736
 615 0050 D369     		ldr	r3, [r2, #28]
 616 0052 23F48023 		bic	r3, r3, #262144
 617 0056 D361     		str	r3, [r2, #28]
 264:Core/Src/usart.c **** 
 618              		.loc 1 264 5 view .LVU191
 619 0058 4FF44061 		mov	r1, #3072
 620 005c 0548     		ldr	r0, .L37+16
 621              	.LVL36:
 264:Core/Src/usart.c **** 
 622              		.loc 1 264 5 is_stmt 0 view .LVU192
 623 005e FFF7FEFF 		bl	HAL_GPIO_DeInit
 624              	.LVL37:
 625              		.loc 1 270 1 view .LVU193
 626 0062 D8E7     		b	.L29
 627              	.L38:
 628              		.align	2
 629              	.L37:
 630 0064 00380140 		.word	1073821696
 631 0068 00440040 		.word	1073759232
 632 006c 00480040 		.word	1073760256
 633 0070 00080140 		.word	1073809408
 634 0074 00100140 		.word	1073811456
 635              		.cfi_endproc
 636              	.LFE69:
 638              		.global	huart3
 639              		.section	.bss.huart3,"aw",%nobits
 640              		.align	2
 643              	huart3:
 644 0000 00000000 		.space	72
 644      00000000 
 644      00000000 
 644      00000000 
 644      00000000 
 645              		.global	huart2
 646              		.section	.bss.huart2,"aw",%nobits
 647              		.align	2
 650              	huart2:
 651 0000 00000000 		.space	72
 651      00000000 
 651      00000000 
 651      00000000 
 651      00000000 
 652              		.global	huart1
 653              		.section	.bss.huart1,"aw",%nobits
 654              		.align	2
 657              	huart1:
 658 0000 00000000 		.space	72
 658      00000000 
 658      00000000 
ARM GAS  C:\Users\XUCHEN~1\AppData\Local\Temp\ccgJhmMU.s 			page 19


 658      00000000 
 658      00000000 
 659              		.text
 660              	.Letext0:
 661              		.file 2 "Drivers/CMSIS/Device/ST/STM32F1xx/Include/stm32f103xe.h"
 662              		.file 3 "C:/arm-gnu-toolchain-15.2.rel1-mingw-w64-x86_64-arm-none-eabi/arm-none-eabi/include/machi
 663              		.file 4 "C:/arm-gnu-toolchain-15.2.rel1-mingw-w64-x86_64-arm-none-eabi/arm-none-eabi/include/sys/_
 664              		.file 5 "Drivers/STM32F1xx_HAL_Driver/Inc/stm32f1xx_hal_def.h"
 665              		.file 6 "Drivers/STM32F1xx_HAL_Driver/Inc/stm32f1xx_hal_gpio.h"
 666              		.file 7 "Drivers/STM32F1xx_HAL_Driver/Inc/stm32f1xx_hal_dma.h"
 667              		.file 8 "Drivers/STM32F1xx_HAL_Driver/Inc/stm32f1xx_hal_uart.h"
 668              		.file 9 "Core/Inc/usart.h"
 669              		.file 10 "Drivers/STM32F1xx_HAL_Driver/Inc/stm32f1xx_hal_cortex.h"
 670              		.file 11 "Core/Inc/main.h"
ARM GAS  C:\Users\XUCHEN~1\AppData\Local\Temp\ccgJhmMU.s 			page 20


DEFINED SYMBOLS
                            *ABS*:00000000 usart.c
C:\Users\XUCHEN~1\AppData\Local\Temp\ccgJhmMU.s:19     .text.MX_USART1_UART_Init:00000000 $t
C:\Users\XUCHEN~1\AppData\Local\Temp\ccgJhmMU.s:25     .text.MX_USART1_UART_Init:00000000 MX_USART1_UART_Init
C:\Users\XUCHEN~1\AppData\Local\Temp\ccgJhmMU.s:83     .text.MX_USART1_UART_Init:0000002c $d
C:\Users\XUCHEN~1\AppData\Local\Temp\ccgJhmMU.s:657    .bss.huart1:00000000 huart1
C:\Users\XUCHEN~1\AppData\Local\Temp\ccgJhmMU.s:89     .text.MX_USART2_UART_Init:00000000 $t
C:\Users\XUCHEN~1\AppData\Local\Temp\ccgJhmMU.s:95     .text.MX_USART2_UART_Init:00000000 MX_USART2_UART_Init
C:\Users\XUCHEN~1\AppData\Local\Temp\ccgJhmMU.s:153    .text.MX_USART2_UART_Init:0000002c $d
C:\Users\XUCHEN~1\AppData\Local\Temp\ccgJhmMU.s:650    .bss.huart2:00000000 huart2
C:\Users\XUCHEN~1\AppData\Local\Temp\ccgJhmMU.s:159    .text.MX_USART3_UART_Init:00000000 $t
C:\Users\XUCHEN~1\AppData\Local\Temp\ccgJhmMU.s:165    .text.MX_USART3_UART_Init:00000000 MX_USART3_UART_Init
C:\Users\XUCHEN~1\AppData\Local\Temp\ccgJhmMU.s:223    .text.MX_USART3_UART_Init:0000002c $d
C:\Users\XUCHEN~1\AppData\Local\Temp\ccgJhmMU.s:643    .bss.huart3:00000000 huart3
C:\Users\XUCHEN~1\AppData\Local\Temp\ccgJhmMU.s:229    .text.HAL_UART_MspInit:00000000 $t
C:\Users\XUCHEN~1\AppData\Local\Temp\ccgJhmMU.s:235    .text.HAL_UART_MspInit:00000000 HAL_UART_MspInit
C:\Users\XUCHEN~1\AppData\Local\Temp\ccgJhmMU.s:526    .text.HAL_UART_MspInit:0000013c $d
C:\Users\XUCHEN~1\AppData\Local\Temp\ccgJhmMU.s:537    .text.HAL_UART_MspDeInit:00000000 $t
C:\Users\XUCHEN~1\AppData\Local\Temp\ccgJhmMU.s:543    .text.HAL_UART_MspDeInit:00000000 HAL_UART_MspDeInit
C:\Users\XUCHEN~1\AppData\Local\Temp\ccgJhmMU.s:630    .text.HAL_UART_MspDeInit:00000064 $d
C:\Users\XUCHEN~1\AppData\Local\Temp\ccgJhmMU.s:640    .bss.huart3:00000000 $d
C:\Users\XUCHEN~1\AppData\Local\Temp\ccgJhmMU.s:647    .bss.huart2:00000000 $d
C:\Users\XUCHEN~1\AppData\Local\Temp\ccgJhmMU.s:654    .bss.huart1:00000000 $d

UNDEFINED SYMBOLS
HAL_UART_Init
Error_Handler
HAL_GPIO_Init
HAL_NVIC_SetPriority
HAL_NVIC_EnableIRQ
HAL_GPIO_DeInit
HAL_NVIC_DisableIRQ
